   1              		.syntax unified
   2              		.cpu cortex-m3
   3              		.fpu softvfp
   4              		.eabi_attribute 20, 1
   5              		.eabi_attribute 21, 1
   6              		.eabi_attribute 23, 3
   7              		.eabi_attribute 24, 1
   8              		.eabi_attribute 25, 1
   9              		.eabi_attribute 26, 1
  10              		.eabi_attribute 30, 6
  11              		.eabi_attribute 34, 1
  12              		.eabi_attribute 18, 4
  13              		.thumb
  14              		.file	"stm32f10x_bkp.c"
  15              		.text
  16              	.Ltext0:
  17              		.cfi_sections	.debug_frame
  18              		.align	2
  19              		.global	BKP_DeInit
  20              		.thumb
  21              		.thumb_func
  23              	BKP_DeInit:
  24              	.LFB29:
  25              		.file 1 "../lib/STM32F10x_StdPeriph_Driver/src/stm32f10x_bkp.c"
   1:../lib/STM32F10x_StdPeriph_Driver/src/stm32f10x_bkp.c **** /**
   2:../lib/STM32F10x_StdPeriph_Driver/src/stm32f10x_bkp.c ****   ******************************************************************************
   3:../lib/STM32F10x_StdPeriph_Driver/src/stm32f10x_bkp.c ****   * @file    stm32f10x_bkp.c
   4:../lib/STM32F10x_StdPeriph_Driver/src/stm32f10x_bkp.c ****   * @author  MCD Application Team
   5:../lib/STM32F10x_StdPeriph_Driver/src/stm32f10x_bkp.c ****   * @version V3.5.0
   6:../lib/STM32F10x_StdPeriph_Driver/src/stm32f10x_bkp.c ****   * @date    11-March-2011
   7:../lib/STM32F10x_StdPeriph_Driver/src/stm32f10x_bkp.c ****   * @brief   This file provides all the BKP firmware functions.
   8:../lib/STM32F10x_StdPeriph_Driver/src/stm32f10x_bkp.c ****   ******************************************************************************
   9:../lib/STM32F10x_StdPeriph_Driver/src/stm32f10x_bkp.c ****   * @attention
  10:../lib/STM32F10x_StdPeriph_Driver/src/stm32f10x_bkp.c ****   *
  11:../lib/STM32F10x_StdPeriph_Driver/src/stm32f10x_bkp.c ****   * THE PRESENT FIRMWARE WHICH IS FOR GUIDANCE ONLY AIMS AT PROVIDING CUSTOMERS
  12:../lib/STM32F10x_StdPeriph_Driver/src/stm32f10x_bkp.c ****   * WITH CODING INFORMATION REGARDING THEIR PRODUCTS IN ORDER FOR THEM TO SAVE
  13:../lib/STM32F10x_StdPeriph_Driver/src/stm32f10x_bkp.c ****   * TIME. AS A RESULT, STMICROELECTRONICS SHALL NOT BE HELD LIABLE FOR ANY
  14:../lib/STM32F10x_StdPeriph_Driver/src/stm32f10x_bkp.c ****   * DIRECT, INDIRECT OR CONSEQUENTIAL DAMAGES WITH RESPECT TO ANY CLAIMS ARISING
  15:../lib/STM32F10x_StdPeriph_Driver/src/stm32f10x_bkp.c ****   * FROM THE CONTENT OF SUCH FIRMWARE AND/OR THE USE MADE BY CUSTOMERS OF THE
  16:../lib/STM32F10x_StdPeriph_Driver/src/stm32f10x_bkp.c ****   * CODING INFORMATION CONTAINED HEREIN IN CONNECTION WITH THEIR PRODUCTS.
  17:../lib/STM32F10x_StdPeriph_Driver/src/stm32f10x_bkp.c ****   *
  18:../lib/STM32F10x_StdPeriph_Driver/src/stm32f10x_bkp.c ****   * <h2><center>&copy; COPYRIGHT 2011 STMicroelectronics</center></h2>
  19:../lib/STM32F10x_StdPeriph_Driver/src/stm32f10x_bkp.c ****   ******************************************************************************
  20:../lib/STM32F10x_StdPeriph_Driver/src/stm32f10x_bkp.c ****   */
  21:../lib/STM32F10x_StdPeriph_Driver/src/stm32f10x_bkp.c **** 
  22:../lib/STM32F10x_StdPeriph_Driver/src/stm32f10x_bkp.c **** /* Includes ------------------------------------------------------------------*/
  23:../lib/STM32F10x_StdPeriph_Driver/src/stm32f10x_bkp.c **** #include "stm32f10x_bkp.h"
  24:../lib/STM32F10x_StdPeriph_Driver/src/stm32f10x_bkp.c **** #include "stm32f10x_rcc.h"
  25:../lib/STM32F10x_StdPeriph_Driver/src/stm32f10x_bkp.c **** 
  26:../lib/STM32F10x_StdPeriph_Driver/src/stm32f10x_bkp.c **** /** @addtogroup STM32F10x_StdPeriph_Driver
  27:../lib/STM32F10x_StdPeriph_Driver/src/stm32f10x_bkp.c ****   * @{
  28:../lib/STM32F10x_StdPeriph_Driver/src/stm32f10x_bkp.c ****   */
  29:../lib/STM32F10x_StdPeriph_Driver/src/stm32f10x_bkp.c **** 
  30:../lib/STM32F10x_StdPeriph_Driver/src/stm32f10x_bkp.c **** /** @defgroup BKP 
  31:../lib/STM32F10x_StdPeriph_Driver/src/stm32f10x_bkp.c ****   * @brief BKP driver modules
  32:../lib/STM32F10x_StdPeriph_Driver/src/stm32f10x_bkp.c ****   * @{
  33:../lib/STM32F10x_StdPeriph_Driver/src/stm32f10x_bkp.c ****   */
  34:../lib/STM32F10x_StdPeriph_Driver/src/stm32f10x_bkp.c **** 
  35:../lib/STM32F10x_StdPeriph_Driver/src/stm32f10x_bkp.c **** /** @defgroup BKP_Private_TypesDefinitions
  36:../lib/STM32F10x_StdPeriph_Driver/src/stm32f10x_bkp.c ****   * @{
  37:../lib/STM32F10x_StdPeriph_Driver/src/stm32f10x_bkp.c ****   */
  38:../lib/STM32F10x_StdPeriph_Driver/src/stm32f10x_bkp.c **** 
  39:../lib/STM32F10x_StdPeriph_Driver/src/stm32f10x_bkp.c **** /**
  40:../lib/STM32F10x_StdPeriph_Driver/src/stm32f10x_bkp.c ****   * @}
  41:../lib/STM32F10x_StdPeriph_Driver/src/stm32f10x_bkp.c ****   */
  42:../lib/STM32F10x_StdPeriph_Driver/src/stm32f10x_bkp.c **** 
  43:../lib/STM32F10x_StdPeriph_Driver/src/stm32f10x_bkp.c **** /** @defgroup BKP_Private_Defines
  44:../lib/STM32F10x_StdPeriph_Driver/src/stm32f10x_bkp.c ****   * @{
  45:../lib/STM32F10x_StdPeriph_Driver/src/stm32f10x_bkp.c ****   */
  46:../lib/STM32F10x_StdPeriph_Driver/src/stm32f10x_bkp.c **** 
  47:../lib/STM32F10x_StdPeriph_Driver/src/stm32f10x_bkp.c **** /* ------------ BKP registers bit address in the alias region --------------- */
  48:../lib/STM32F10x_StdPeriph_Driver/src/stm32f10x_bkp.c **** #define BKP_OFFSET        (BKP_BASE - PERIPH_BASE)
  49:../lib/STM32F10x_StdPeriph_Driver/src/stm32f10x_bkp.c **** 
  50:../lib/STM32F10x_StdPeriph_Driver/src/stm32f10x_bkp.c **** /* --- CR Register ----*/
  51:../lib/STM32F10x_StdPeriph_Driver/src/stm32f10x_bkp.c **** 
  52:../lib/STM32F10x_StdPeriph_Driver/src/stm32f10x_bkp.c **** /* Alias word address of TPAL bit */
  53:../lib/STM32F10x_StdPeriph_Driver/src/stm32f10x_bkp.c **** #define CR_OFFSET         (BKP_OFFSET + 0x30)
  54:../lib/STM32F10x_StdPeriph_Driver/src/stm32f10x_bkp.c **** #define TPAL_BitNumber    0x01
  55:../lib/STM32F10x_StdPeriph_Driver/src/stm32f10x_bkp.c **** #define CR_TPAL_BB        (PERIPH_BB_BASE + (CR_OFFSET * 32) + (TPAL_BitNumber * 4))
  56:../lib/STM32F10x_StdPeriph_Driver/src/stm32f10x_bkp.c **** 
  57:../lib/STM32F10x_StdPeriph_Driver/src/stm32f10x_bkp.c **** /* Alias word address of TPE bit */
  58:../lib/STM32F10x_StdPeriph_Driver/src/stm32f10x_bkp.c **** #define TPE_BitNumber     0x00
  59:../lib/STM32F10x_StdPeriph_Driver/src/stm32f10x_bkp.c **** #define CR_TPE_BB         (PERIPH_BB_BASE + (CR_OFFSET * 32) + (TPE_BitNumber * 4))
  60:../lib/STM32F10x_StdPeriph_Driver/src/stm32f10x_bkp.c **** 
  61:../lib/STM32F10x_StdPeriph_Driver/src/stm32f10x_bkp.c **** /* --- CSR Register ---*/
  62:../lib/STM32F10x_StdPeriph_Driver/src/stm32f10x_bkp.c **** 
  63:../lib/STM32F10x_StdPeriph_Driver/src/stm32f10x_bkp.c **** /* Alias word address of TPIE bit */
  64:../lib/STM32F10x_StdPeriph_Driver/src/stm32f10x_bkp.c **** #define CSR_OFFSET        (BKP_OFFSET + 0x34)
  65:../lib/STM32F10x_StdPeriph_Driver/src/stm32f10x_bkp.c **** #define TPIE_BitNumber    0x02
  66:../lib/STM32F10x_StdPeriph_Driver/src/stm32f10x_bkp.c **** #define CSR_TPIE_BB       (PERIPH_BB_BASE + (CSR_OFFSET * 32) + (TPIE_BitNumber * 4))
  67:../lib/STM32F10x_StdPeriph_Driver/src/stm32f10x_bkp.c **** 
  68:../lib/STM32F10x_StdPeriph_Driver/src/stm32f10x_bkp.c **** /* Alias word address of TIF bit */
  69:../lib/STM32F10x_StdPeriph_Driver/src/stm32f10x_bkp.c **** #define TIF_BitNumber     0x09
  70:../lib/STM32F10x_StdPeriph_Driver/src/stm32f10x_bkp.c **** #define CSR_TIF_BB        (PERIPH_BB_BASE + (CSR_OFFSET * 32) + (TIF_BitNumber * 4))
  71:../lib/STM32F10x_StdPeriph_Driver/src/stm32f10x_bkp.c **** 
  72:../lib/STM32F10x_StdPeriph_Driver/src/stm32f10x_bkp.c **** /* Alias word address of TEF bit */
  73:../lib/STM32F10x_StdPeriph_Driver/src/stm32f10x_bkp.c **** #define TEF_BitNumber     0x08
  74:../lib/STM32F10x_StdPeriph_Driver/src/stm32f10x_bkp.c **** #define CSR_TEF_BB        (PERIPH_BB_BASE + (CSR_OFFSET * 32) + (TEF_BitNumber * 4))
  75:../lib/STM32F10x_StdPeriph_Driver/src/stm32f10x_bkp.c **** 
  76:../lib/STM32F10x_StdPeriph_Driver/src/stm32f10x_bkp.c **** /* ---------------------- BKP registers bit mask ------------------------ */
  77:../lib/STM32F10x_StdPeriph_Driver/src/stm32f10x_bkp.c **** 
  78:../lib/STM32F10x_StdPeriph_Driver/src/stm32f10x_bkp.c **** /* RTCCR register bit mask */
  79:../lib/STM32F10x_StdPeriph_Driver/src/stm32f10x_bkp.c **** #define RTCCR_CAL_MASK    ((uint16_t)0xFF80)
  80:../lib/STM32F10x_StdPeriph_Driver/src/stm32f10x_bkp.c **** #define RTCCR_MASK        ((uint16_t)0xFC7F)
  81:../lib/STM32F10x_StdPeriph_Driver/src/stm32f10x_bkp.c **** 
  82:../lib/STM32F10x_StdPeriph_Driver/src/stm32f10x_bkp.c **** /**
  83:../lib/STM32F10x_StdPeriph_Driver/src/stm32f10x_bkp.c ****   * @}
  84:../lib/STM32F10x_StdPeriph_Driver/src/stm32f10x_bkp.c ****   */ 
  85:../lib/STM32F10x_StdPeriph_Driver/src/stm32f10x_bkp.c **** 
  86:../lib/STM32F10x_StdPeriph_Driver/src/stm32f10x_bkp.c **** 
  87:../lib/STM32F10x_StdPeriph_Driver/src/stm32f10x_bkp.c **** /** @defgroup BKP_Private_Macros
  88:../lib/STM32F10x_StdPeriph_Driver/src/stm32f10x_bkp.c ****   * @{
  89:../lib/STM32F10x_StdPeriph_Driver/src/stm32f10x_bkp.c ****   */
  90:../lib/STM32F10x_StdPeriph_Driver/src/stm32f10x_bkp.c **** 
  91:../lib/STM32F10x_StdPeriph_Driver/src/stm32f10x_bkp.c **** /**
  92:../lib/STM32F10x_StdPeriph_Driver/src/stm32f10x_bkp.c ****   * @}
  93:../lib/STM32F10x_StdPeriph_Driver/src/stm32f10x_bkp.c ****   */
  94:../lib/STM32F10x_StdPeriph_Driver/src/stm32f10x_bkp.c **** 
  95:../lib/STM32F10x_StdPeriph_Driver/src/stm32f10x_bkp.c **** /** @defgroup BKP_Private_Variables
  96:../lib/STM32F10x_StdPeriph_Driver/src/stm32f10x_bkp.c ****   * @{
  97:../lib/STM32F10x_StdPeriph_Driver/src/stm32f10x_bkp.c ****   */
  98:../lib/STM32F10x_StdPeriph_Driver/src/stm32f10x_bkp.c **** 
  99:../lib/STM32F10x_StdPeriph_Driver/src/stm32f10x_bkp.c **** /**
 100:../lib/STM32F10x_StdPeriph_Driver/src/stm32f10x_bkp.c ****   * @}
 101:../lib/STM32F10x_StdPeriph_Driver/src/stm32f10x_bkp.c ****   */
 102:../lib/STM32F10x_StdPeriph_Driver/src/stm32f10x_bkp.c **** 
 103:../lib/STM32F10x_StdPeriph_Driver/src/stm32f10x_bkp.c **** /** @defgroup BKP_Private_FunctionPrototypes
 104:../lib/STM32F10x_StdPeriph_Driver/src/stm32f10x_bkp.c ****   * @{
 105:../lib/STM32F10x_StdPeriph_Driver/src/stm32f10x_bkp.c ****   */
 106:../lib/STM32F10x_StdPeriph_Driver/src/stm32f10x_bkp.c **** 
 107:../lib/STM32F10x_StdPeriph_Driver/src/stm32f10x_bkp.c **** /**
 108:../lib/STM32F10x_StdPeriph_Driver/src/stm32f10x_bkp.c ****   * @}
 109:../lib/STM32F10x_StdPeriph_Driver/src/stm32f10x_bkp.c ****   */
 110:../lib/STM32F10x_StdPeriph_Driver/src/stm32f10x_bkp.c **** 
 111:../lib/STM32F10x_StdPeriph_Driver/src/stm32f10x_bkp.c **** /** @defgroup BKP_Private_Functions
 112:../lib/STM32F10x_StdPeriph_Driver/src/stm32f10x_bkp.c ****   * @{
 113:../lib/STM32F10x_StdPeriph_Driver/src/stm32f10x_bkp.c ****   */
 114:../lib/STM32F10x_StdPeriph_Driver/src/stm32f10x_bkp.c **** 
 115:../lib/STM32F10x_StdPeriph_Driver/src/stm32f10x_bkp.c **** /**
 116:../lib/STM32F10x_StdPeriph_Driver/src/stm32f10x_bkp.c ****   * @brief  Deinitializes the BKP peripheral registers to their default reset values.
 117:../lib/STM32F10x_StdPeriph_Driver/src/stm32f10x_bkp.c ****   * @param  None
 118:../lib/STM32F10x_StdPeriph_Driver/src/stm32f10x_bkp.c ****   * @retval None
 119:../lib/STM32F10x_StdPeriph_Driver/src/stm32f10x_bkp.c ****   */
 120:../lib/STM32F10x_StdPeriph_Driver/src/stm32f10x_bkp.c **** void BKP_DeInit(void)
 121:../lib/STM32F10x_StdPeriph_Driver/src/stm32f10x_bkp.c **** {
  26              		.loc 1 121 0
  27              		.cfi_startproc
  28              		@ args = 0, pretend = 0, frame = 0
  29              		@ frame_needed = 1, uses_anonymous_args = 0
  30 0000 80B5     		push	{r7, lr}
  31              	.LCFI0:
  32              		.cfi_def_cfa_offset 8
  33              		.cfi_offset 7, -8
  34              		.cfi_offset 14, -4
  35 0002 00AF     		add	r7, sp, #0
  36              	.LCFI1:
  37              		.cfi_def_cfa_register 7
 122:../lib/STM32F10x_StdPeriph_Driver/src/stm32f10x_bkp.c ****   RCC_BackupResetCmd(ENABLE);
  38              		.loc 1 122 0
  39 0004 4FF00100 		mov	r0, #1
  40 0008 FFF7FEFF 		bl	RCC_BackupResetCmd
 123:../lib/STM32F10x_StdPeriph_Driver/src/stm32f10x_bkp.c ****   RCC_BackupResetCmd(DISABLE);
  41              		.loc 1 123 0
  42 000c 4FF00000 		mov	r0, #0
  43 0010 FFF7FEFF 		bl	RCC_BackupResetCmd
 124:../lib/STM32F10x_StdPeriph_Driver/src/stm32f10x_bkp.c **** }
  44              		.loc 1 124 0
  45 0014 80BD     		pop	{r7, pc}
  46              		.cfi_endproc
  47              	.LFE29:
  49 0016 00BF     		.align	2
  50              		.global	BKP_TamperPinLevelConfig
  51              		.thumb
  52              		.thumb_func
  54              	BKP_TamperPinLevelConfig:
  55              	.LFB30:
 125:../lib/STM32F10x_StdPeriph_Driver/src/stm32f10x_bkp.c **** 
 126:../lib/STM32F10x_StdPeriph_Driver/src/stm32f10x_bkp.c **** /**
 127:../lib/STM32F10x_StdPeriph_Driver/src/stm32f10x_bkp.c ****   * @brief  Configures the Tamper Pin active level.
 128:../lib/STM32F10x_StdPeriph_Driver/src/stm32f10x_bkp.c ****   * @param  BKP_TamperPinLevel: specifies the Tamper Pin active level.
 129:../lib/STM32F10x_StdPeriph_Driver/src/stm32f10x_bkp.c ****   *   This parameter can be one of the following values:
 130:../lib/STM32F10x_StdPeriph_Driver/src/stm32f10x_bkp.c ****   *     @arg BKP_TamperPinLevel_High: Tamper pin active on high level
 131:../lib/STM32F10x_StdPeriph_Driver/src/stm32f10x_bkp.c ****   *     @arg BKP_TamperPinLevel_Low: Tamper pin active on low level
 132:../lib/STM32F10x_StdPeriph_Driver/src/stm32f10x_bkp.c ****   * @retval None
 133:../lib/STM32F10x_StdPeriph_Driver/src/stm32f10x_bkp.c ****   */
 134:../lib/STM32F10x_StdPeriph_Driver/src/stm32f10x_bkp.c **** void BKP_TamperPinLevelConfig(uint16_t BKP_TamperPinLevel)
 135:../lib/STM32F10x_StdPeriph_Driver/src/stm32f10x_bkp.c **** {
  56              		.loc 1 135 0
  57              		.cfi_startproc
  58              		@ args = 0, pretend = 0, frame = 8
  59              		@ frame_needed = 1, uses_anonymous_args = 0
  60              		@ link register save eliminated.
  61 0018 80B4     		push	{r7}
  62              	.LCFI2:
  63              		.cfi_def_cfa_offset 4
  64              		.cfi_offset 7, -4
  65 001a 83B0     		sub	sp, sp, #12
  66              	.LCFI3:
  67              		.cfi_def_cfa_offset 16
  68 001c 00AF     		add	r7, sp, #0
  69              	.LCFI4:
  70              		.cfi_def_cfa_register 7
  71 001e 0346     		mov	r3, r0
  72 0020 FB80     		strh	r3, [r7, #6]	@ movhi
 136:../lib/STM32F10x_StdPeriph_Driver/src/stm32f10x_bkp.c ****   /* Check the parameters */
 137:../lib/STM32F10x_StdPeriph_Driver/src/stm32f10x_bkp.c ****   assert_param(IS_BKP_TAMPER_PIN_LEVEL(BKP_TamperPinLevel));
 138:../lib/STM32F10x_StdPeriph_Driver/src/stm32f10x_bkp.c ****   *(__IO uint32_t *) CR_TPAL_BB = BKP_TamperPinLevel;
  73              		.loc 1 138 0
  74 0022 044B     		ldr	r3, .L3
  75 0024 FA88     		ldrh	r2, [r7, #6]
  76 0026 1A60     		str	r2, [r3, #0]
 139:../lib/STM32F10x_StdPeriph_Driver/src/stm32f10x_bkp.c **** }
  77              		.loc 1 139 0
  78 0028 07F10C07 		add	r7, r7, #12
  79 002c BD46     		mov	sp, r7
  80 002e 80BC     		pop	{r7}
  81 0030 7047     		bx	lr
  82              	.L4:
  83 0032 00BF     		.align	2
  84              	.L3:
  85 0034 04860D42 		.word	1108182532
  86              		.cfi_endproc
  87              	.LFE30:
  89              		.align	2
  90              		.global	BKP_TamperPinCmd
  91              		.thumb
  92              		.thumb_func
  94              	BKP_TamperPinCmd:
  95              	.LFB31:
 140:../lib/STM32F10x_StdPeriph_Driver/src/stm32f10x_bkp.c **** 
 141:../lib/STM32F10x_StdPeriph_Driver/src/stm32f10x_bkp.c **** /**
 142:../lib/STM32F10x_StdPeriph_Driver/src/stm32f10x_bkp.c ****   * @brief  Enables or disables the Tamper Pin activation.
 143:../lib/STM32F10x_StdPeriph_Driver/src/stm32f10x_bkp.c ****   * @param  NewState: new state of the Tamper Pin activation.
 144:../lib/STM32F10x_StdPeriph_Driver/src/stm32f10x_bkp.c ****   *   This parameter can be: ENABLE or DISABLE.
 145:../lib/STM32F10x_StdPeriph_Driver/src/stm32f10x_bkp.c ****   * @retval None
 146:../lib/STM32F10x_StdPeriph_Driver/src/stm32f10x_bkp.c ****   */
 147:../lib/STM32F10x_StdPeriph_Driver/src/stm32f10x_bkp.c **** void BKP_TamperPinCmd(FunctionalState NewState)
 148:../lib/STM32F10x_StdPeriph_Driver/src/stm32f10x_bkp.c **** {
  96              		.loc 1 148 0
  97              		.cfi_startproc
  98              		@ args = 0, pretend = 0, frame = 8
  99              		@ frame_needed = 1, uses_anonymous_args = 0
 100              		@ link register save eliminated.
 101 0038 80B4     		push	{r7}
 102              	.LCFI5:
 103              		.cfi_def_cfa_offset 4
 104              		.cfi_offset 7, -4
 105 003a 83B0     		sub	sp, sp, #12
 106              	.LCFI6:
 107              		.cfi_def_cfa_offset 16
 108 003c 00AF     		add	r7, sp, #0
 109              	.LCFI7:
 110              		.cfi_def_cfa_register 7
 111 003e 0346     		mov	r3, r0
 112 0040 FB71     		strb	r3, [r7, #7]
 149:../lib/STM32F10x_StdPeriph_Driver/src/stm32f10x_bkp.c ****   /* Check the parameters */
 150:../lib/STM32F10x_StdPeriph_Driver/src/stm32f10x_bkp.c ****   assert_param(IS_FUNCTIONAL_STATE(NewState));
 151:../lib/STM32F10x_StdPeriph_Driver/src/stm32f10x_bkp.c ****   *(__IO uint32_t *) CR_TPE_BB = (uint32_t)NewState;
 113              		.loc 1 151 0
 114 0042 044B     		ldr	r3, .L6
 115 0044 FA79     		ldrb	r2, [r7, #7]	@ zero_extendqisi2
 116 0046 1A60     		str	r2, [r3, #0]
 152:../lib/STM32F10x_StdPeriph_Driver/src/stm32f10x_bkp.c **** }
 117              		.loc 1 152 0
 118 0048 07F10C07 		add	r7, r7, #12
 119 004c BD46     		mov	sp, r7
 120 004e 80BC     		pop	{r7}
 121 0050 7047     		bx	lr
 122              	.L7:
 123 0052 00BF     		.align	2
 124              	.L6:
 125 0054 00860D42 		.word	1108182528
 126              		.cfi_endproc
 127              	.LFE31:
 129              		.align	2
 130              		.global	BKP_ITConfig
 131              		.thumb
 132              		.thumb_func
 134              	BKP_ITConfig:
 135              	.LFB32:
 153:../lib/STM32F10x_StdPeriph_Driver/src/stm32f10x_bkp.c **** 
 154:../lib/STM32F10x_StdPeriph_Driver/src/stm32f10x_bkp.c **** /**
 155:../lib/STM32F10x_StdPeriph_Driver/src/stm32f10x_bkp.c ****   * @brief  Enables or disables the Tamper Pin Interrupt.
 156:../lib/STM32F10x_StdPeriph_Driver/src/stm32f10x_bkp.c ****   * @param  NewState: new state of the Tamper Pin Interrupt.
 157:../lib/STM32F10x_StdPeriph_Driver/src/stm32f10x_bkp.c ****   *   This parameter can be: ENABLE or DISABLE.
 158:../lib/STM32F10x_StdPeriph_Driver/src/stm32f10x_bkp.c ****   * @retval None
 159:../lib/STM32F10x_StdPeriph_Driver/src/stm32f10x_bkp.c ****   */
 160:../lib/STM32F10x_StdPeriph_Driver/src/stm32f10x_bkp.c **** void BKP_ITConfig(FunctionalState NewState)
 161:../lib/STM32F10x_StdPeriph_Driver/src/stm32f10x_bkp.c **** {
 136              		.loc 1 161 0
 137              		.cfi_startproc
 138              		@ args = 0, pretend = 0, frame = 8
 139              		@ frame_needed = 1, uses_anonymous_args = 0
 140              		@ link register save eliminated.
 141 0058 80B4     		push	{r7}
 142              	.LCFI8:
 143              		.cfi_def_cfa_offset 4
 144              		.cfi_offset 7, -4
 145 005a 83B0     		sub	sp, sp, #12
 146              	.LCFI9:
 147              		.cfi_def_cfa_offset 16
 148 005c 00AF     		add	r7, sp, #0
 149              	.LCFI10:
 150              		.cfi_def_cfa_register 7
 151 005e 0346     		mov	r3, r0
 152 0060 FB71     		strb	r3, [r7, #7]
 162:../lib/STM32F10x_StdPeriph_Driver/src/stm32f10x_bkp.c ****   /* Check the parameters */
 163:../lib/STM32F10x_StdPeriph_Driver/src/stm32f10x_bkp.c ****   assert_param(IS_FUNCTIONAL_STATE(NewState));
 164:../lib/STM32F10x_StdPeriph_Driver/src/stm32f10x_bkp.c ****   *(__IO uint32_t *) CSR_TPIE_BB = (uint32_t)NewState;
 153              		.loc 1 164 0
 154 0062 044B     		ldr	r3, .L9
 155 0064 FA79     		ldrb	r2, [r7, #7]	@ zero_extendqisi2
 156 0066 1A60     		str	r2, [r3, #0]
 165:../lib/STM32F10x_StdPeriph_Driver/src/stm32f10x_bkp.c **** }
 157              		.loc 1 165 0
 158 0068 07F10C07 		add	r7, r7, #12
 159 006c BD46     		mov	sp, r7
 160 006e 80BC     		pop	{r7}
 161 0070 7047     		bx	lr
 162              	.L10:
 163 0072 00BF     		.align	2
 164              	.L9:
 165 0074 88860D42 		.word	1108182664
 166              		.cfi_endproc
 167              	.LFE32:
 169              		.align	2
 170              		.global	BKP_RTCOutputConfig
 171              		.thumb
 172              		.thumb_func
 174              	BKP_RTCOutputConfig:
 175              	.LFB33:
 166:../lib/STM32F10x_StdPeriph_Driver/src/stm32f10x_bkp.c **** 
 167:../lib/STM32F10x_StdPeriph_Driver/src/stm32f10x_bkp.c **** /**
 168:../lib/STM32F10x_StdPeriph_Driver/src/stm32f10x_bkp.c ****   * @brief  Select the RTC output source to output on the Tamper pin.
 169:../lib/STM32F10x_StdPeriph_Driver/src/stm32f10x_bkp.c ****   * @param  BKP_RTCOutputSource: specifies the RTC output source.
 170:../lib/STM32F10x_StdPeriph_Driver/src/stm32f10x_bkp.c ****   *   This parameter can be one of the following values:
 171:../lib/STM32F10x_StdPeriph_Driver/src/stm32f10x_bkp.c ****   *     @arg BKP_RTCOutputSource_None: no RTC output on the Tamper pin.
 172:../lib/STM32F10x_StdPeriph_Driver/src/stm32f10x_bkp.c ****   *     @arg BKP_RTCOutputSource_CalibClock: output the RTC clock with frequency
 173:../lib/STM32F10x_StdPeriph_Driver/src/stm32f10x_bkp.c ****   *                                          divided by 64 on the Tamper pin.
 174:../lib/STM32F10x_StdPeriph_Driver/src/stm32f10x_bkp.c ****   *     @arg BKP_RTCOutputSource_Alarm: output the RTC Alarm pulse signal on
 175:../lib/STM32F10x_StdPeriph_Driver/src/stm32f10x_bkp.c ****   *                                     the Tamper pin.
 176:../lib/STM32F10x_StdPeriph_Driver/src/stm32f10x_bkp.c ****   *     @arg BKP_RTCOutputSource_Second: output the RTC Second pulse signal on
 177:../lib/STM32F10x_StdPeriph_Driver/src/stm32f10x_bkp.c ****   *                                      the Tamper pin.  
 178:../lib/STM32F10x_StdPeriph_Driver/src/stm32f10x_bkp.c ****   * @retval None
 179:../lib/STM32F10x_StdPeriph_Driver/src/stm32f10x_bkp.c ****   */
 180:../lib/STM32F10x_StdPeriph_Driver/src/stm32f10x_bkp.c **** void BKP_RTCOutputConfig(uint16_t BKP_RTCOutputSource)
 181:../lib/STM32F10x_StdPeriph_Driver/src/stm32f10x_bkp.c **** {
 176              		.loc 1 181 0
 177              		.cfi_startproc
 178              		@ args = 0, pretend = 0, frame = 16
 179              		@ frame_needed = 1, uses_anonymous_args = 0
 180              		@ link register save eliminated.
 181 0078 80B4     		push	{r7}
 182              	.LCFI11:
 183              		.cfi_def_cfa_offset 4
 184              		.cfi_offset 7, -4
 185 007a 85B0     		sub	sp, sp, #20
 186              	.LCFI12:
 187              		.cfi_def_cfa_offset 24
 188 007c 00AF     		add	r7, sp, #0
 189              	.LCFI13:
 190              		.cfi_def_cfa_register 7
 191 007e 0346     		mov	r3, r0
 192 0080 FB80     		strh	r3, [r7, #6]	@ movhi
 182:../lib/STM32F10x_StdPeriph_Driver/src/stm32f10x_bkp.c ****   uint16_t tmpreg = 0;
 193              		.loc 1 182 0
 194 0082 4FF00003 		mov	r3, #0
 195 0086 FB81     		strh	r3, [r7, #14]	@ movhi
 183:../lib/STM32F10x_StdPeriph_Driver/src/stm32f10x_bkp.c ****   /* Check the parameters */
 184:../lib/STM32F10x_StdPeriph_Driver/src/stm32f10x_bkp.c ****   assert_param(IS_BKP_RTC_OUTPUT_SOURCE(BKP_RTCOutputSource));
 185:../lib/STM32F10x_StdPeriph_Driver/src/stm32f10x_bkp.c ****   tmpreg = BKP->RTCCR;
 196              		.loc 1 185 0
 197 0088 094B     		ldr	r3, .L12
 198 008a 9B8D     		ldrh	r3, [r3, #44]	@ movhi
 199 008c FB81     		strh	r3, [r7, #14]	@ movhi
 186:../lib/STM32F10x_StdPeriph_Driver/src/stm32f10x_bkp.c ****   /* Clear CCO, ASOE and ASOS bits */
 187:../lib/STM32F10x_StdPeriph_Driver/src/stm32f10x_bkp.c ****   tmpreg &= RTCCR_MASK;
 200              		.loc 1 187 0
 201 008e FB89     		ldrh	r3, [r7, #14]	@ movhi
 202 0090 23F46073 		bic	r3, r3, #896
 203 0094 FB81     		strh	r3, [r7, #14]	@ movhi
 188:../lib/STM32F10x_StdPeriph_Driver/src/stm32f10x_bkp.c ****   
 189:../lib/STM32F10x_StdPeriph_Driver/src/stm32f10x_bkp.c ****   /* Set CCO, ASOE and ASOS bits according to BKP_RTCOutputSource value */
 190:../lib/STM32F10x_StdPeriph_Driver/src/stm32f10x_bkp.c ****   tmpreg |= BKP_RTCOutputSource;
 204              		.loc 1 190 0
 205 0096 FA89     		ldrh	r2, [r7, #14]	@ movhi
 206 0098 FB88     		ldrh	r3, [r7, #6]	@ movhi
 207 009a 1343     		orrs	r3, r3, r2
 208 009c FB81     		strh	r3, [r7, #14]	@ movhi
 191:../lib/STM32F10x_StdPeriph_Driver/src/stm32f10x_bkp.c ****   /* Store the new value */
 192:../lib/STM32F10x_StdPeriph_Driver/src/stm32f10x_bkp.c ****   BKP->RTCCR = tmpreg;
 209              		.loc 1 192 0
 210 009e 044B     		ldr	r3, .L12
 211 00a0 FA89     		ldrh	r2, [r7, #14]	@ movhi
 212 00a2 9A85     		strh	r2, [r3, #44]	@ movhi
 193:../lib/STM32F10x_StdPeriph_Driver/src/stm32f10x_bkp.c **** }
 213              		.loc 1 193 0
 214 00a4 07F11407 		add	r7, r7, #20
 215 00a8 BD46     		mov	sp, r7
 216 00aa 80BC     		pop	{r7}
 217 00ac 7047     		bx	lr
 218              	.L13:
 219 00ae 00BF     		.align	2
 220              	.L12:
 221 00b0 006C0040 		.word	1073769472
 222              		.cfi_endproc
 223              	.LFE33:
 225              		.align	2
 226              		.global	BKP_SetRTCCalibrationValue
 227              		.thumb
 228              		.thumb_func
 230              	BKP_SetRTCCalibrationValue:
 231              	.LFB34:
 194:../lib/STM32F10x_StdPeriph_Driver/src/stm32f10x_bkp.c **** 
 195:../lib/STM32F10x_StdPeriph_Driver/src/stm32f10x_bkp.c **** /**
 196:../lib/STM32F10x_StdPeriph_Driver/src/stm32f10x_bkp.c ****   * @brief  Sets RTC Clock Calibration value.
 197:../lib/STM32F10x_StdPeriph_Driver/src/stm32f10x_bkp.c ****   * @param  CalibrationValue: specifies the RTC Clock Calibration value.
 198:../lib/STM32F10x_StdPeriph_Driver/src/stm32f10x_bkp.c ****   *   This parameter must be a number between 0 and 0x7F.
 199:../lib/STM32F10x_StdPeriph_Driver/src/stm32f10x_bkp.c ****   * @retval None
 200:../lib/STM32F10x_StdPeriph_Driver/src/stm32f10x_bkp.c ****   */
 201:../lib/STM32F10x_StdPeriph_Driver/src/stm32f10x_bkp.c **** void BKP_SetRTCCalibrationValue(uint8_t CalibrationValue)
 202:../lib/STM32F10x_StdPeriph_Driver/src/stm32f10x_bkp.c **** {
 232              		.loc 1 202 0
 233              		.cfi_startproc
 234              		@ args = 0, pretend = 0, frame = 16
 235              		@ frame_needed = 1, uses_anonymous_args = 0
 236              		@ link register save eliminated.
 237 00b4 80B4     		push	{r7}
 238              	.LCFI14:
 239              		.cfi_def_cfa_offset 4
 240              		.cfi_offset 7, -4
 241 00b6 85B0     		sub	sp, sp, #20
 242              	.LCFI15:
 243              		.cfi_def_cfa_offset 24
 244 00b8 00AF     		add	r7, sp, #0
 245              	.LCFI16:
 246              		.cfi_def_cfa_register 7
 247 00ba 0346     		mov	r3, r0
 248 00bc FB71     		strb	r3, [r7, #7]
 203:../lib/STM32F10x_StdPeriph_Driver/src/stm32f10x_bkp.c ****   uint16_t tmpreg = 0;
 249              		.loc 1 203 0
 250 00be 4FF00003 		mov	r3, #0
 251 00c2 FB81     		strh	r3, [r7, #14]	@ movhi
 204:../lib/STM32F10x_StdPeriph_Driver/src/stm32f10x_bkp.c ****   /* Check the parameters */
 205:../lib/STM32F10x_StdPeriph_Driver/src/stm32f10x_bkp.c ****   assert_param(IS_BKP_CALIBRATION_VALUE(CalibrationValue));
 206:../lib/STM32F10x_StdPeriph_Driver/src/stm32f10x_bkp.c ****   tmpreg = BKP->RTCCR;
 252              		.loc 1 206 0
 253 00c4 094B     		ldr	r3, .L15
 254 00c6 9B8D     		ldrh	r3, [r3, #44]	@ movhi
 255 00c8 FB81     		strh	r3, [r7, #14]	@ movhi
 207:../lib/STM32F10x_StdPeriph_Driver/src/stm32f10x_bkp.c ****   /* Clear CAL[6:0] bits */
 208:../lib/STM32F10x_StdPeriph_Driver/src/stm32f10x_bkp.c ****   tmpreg &= RTCCR_CAL_MASK;
 256              		.loc 1 208 0
 257 00ca FB89     		ldrh	r3, [r7, #14]	@ movhi
 258 00cc 23F07F03 		bic	r3, r3, #127
 259 00d0 FB81     		strh	r3, [r7, #14]	@ movhi
 209:../lib/STM32F10x_StdPeriph_Driver/src/stm32f10x_bkp.c ****   /* Set CAL[6:0] bits according to CalibrationValue value */
 210:../lib/STM32F10x_StdPeriph_Driver/src/stm32f10x_bkp.c ****   tmpreg |= CalibrationValue;
 260              		.loc 1 210 0
 261 00d2 FB79     		ldrb	r3, [r7, #7]	@ zero_extendqisi2
 262 00d4 9AB2     		uxth	r2, r3
 263 00d6 FB89     		ldrh	r3, [r7, #14]	@ movhi
 264 00d8 1343     		orrs	r3, r3, r2
 265 00da FB81     		strh	r3, [r7, #14]	@ movhi
 211:../lib/STM32F10x_StdPeriph_Driver/src/stm32f10x_bkp.c ****   /* Store the new value */
 212:../lib/STM32F10x_StdPeriph_Driver/src/stm32f10x_bkp.c ****   BKP->RTCCR = tmpreg;
 266              		.loc 1 212 0
 267 00dc 034B     		ldr	r3, .L15
 268 00de FA89     		ldrh	r2, [r7, #14]	@ movhi
 269 00e0 9A85     		strh	r2, [r3, #44]	@ movhi
 213:../lib/STM32F10x_StdPeriph_Driver/src/stm32f10x_bkp.c **** }
 270              		.loc 1 213 0
 271 00e2 07F11407 		add	r7, r7, #20
 272 00e6 BD46     		mov	sp, r7
 273 00e8 80BC     		pop	{r7}
 274 00ea 7047     		bx	lr
 275              	.L16:
 276              		.align	2
 277              	.L15:
 278 00ec 006C0040 		.word	1073769472
 279              		.cfi_endproc
 280              	.LFE34:
 282              		.align	2
 283              		.global	BKP_WriteBackupRegister
 284              		.thumb
 285              		.thumb_func
 287              	BKP_WriteBackupRegister:
 288              	.LFB35:
 214:../lib/STM32F10x_StdPeriph_Driver/src/stm32f10x_bkp.c **** 
 215:../lib/STM32F10x_StdPeriph_Driver/src/stm32f10x_bkp.c **** /**
 216:../lib/STM32F10x_StdPeriph_Driver/src/stm32f10x_bkp.c ****   * @brief  Writes user data to the specified Data Backup Register.
 217:../lib/STM32F10x_StdPeriph_Driver/src/stm32f10x_bkp.c ****   * @param  BKP_DR: specifies the Data Backup Register.
 218:../lib/STM32F10x_StdPeriph_Driver/src/stm32f10x_bkp.c ****   *   This parameter can be BKP_DRx where x:[1, 42]
 219:../lib/STM32F10x_StdPeriph_Driver/src/stm32f10x_bkp.c ****   * @param  Data: data to write
 220:../lib/STM32F10x_StdPeriph_Driver/src/stm32f10x_bkp.c ****   * @retval None
 221:../lib/STM32F10x_StdPeriph_Driver/src/stm32f10x_bkp.c ****   */
 222:../lib/STM32F10x_StdPeriph_Driver/src/stm32f10x_bkp.c **** void BKP_WriteBackupRegister(uint16_t BKP_DR, uint16_t Data)
 223:../lib/STM32F10x_StdPeriph_Driver/src/stm32f10x_bkp.c **** {
 289              		.loc 1 223 0
 290              		.cfi_startproc
 291              		@ args = 0, pretend = 0, frame = 16
 292              		@ frame_needed = 1, uses_anonymous_args = 0
 293              		@ link register save eliminated.
 294 00f0 80B4     		push	{r7}
 295              	.LCFI17:
 296              		.cfi_def_cfa_offset 4
 297              		.cfi_offset 7, -4
 298 00f2 85B0     		sub	sp, sp, #20
 299              	.LCFI18:
 300              		.cfi_def_cfa_offset 24
 301 00f4 00AF     		add	r7, sp, #0
 302              	.LCFI19:
 303              		.cfi_def_cfa_register 7
 304 00f6 0246     		mov	r2, r0
 305 00f8 0B46     		mov	r3, r1
 306 00fa FA80     		strh	r2, [r7, #6]	@ movhi
 307 00fc BB80     		strh	r3, [r7, #4]	@ movhi
 224:../lib/STM32F10x_StdPeriph_Driver/src/stm32f10x_bkp.c ****   __IO uint32_t tmp = 0;
 308              		.loc 1 224 0
 309 00fe 4FF00003 		mov	r3, #0
 310 0102 FB60     		str	r3, [r7, #12]
 225:../lib/STM32F10x_StdPeriph_Driver/src/stm32f10x_bkp.c **** 
 226:../lib/STM32F10x_StdPeriph_Driver/src/stm32f10x_bkp.c ****   /* Check the parameters */
 227:../lib/STM32F10x_StdPeriph_Driver/src/stm32f10x_bkp.c ****   assert_param(IS_BKP_DR(BKP_DR));
 228:../lib/STM32F10x_StdPeriph_Driver/src/stm32f10x_bkp.c **** 
 229:../lib/STM32F10x_StdPeriph_Driver/src/stm32f10x_bkp.c ****   tmp = (uint32_t)BKP_BASE; 
 311              		.loc 1 229 0
 312 0104 064B     		ldr	r3, .L18
 313 0106 FB60     		str	r3, [r7, #12]
 230:../lib/STM32F10x_StdPeriph_Driver/src/stm32f10x_bkp.c ****   tmp += BKP_DR;
 314              		.loc 1 230 0
 315 0108 FA88     		ldrh	r2, [r7, #6]
 316 010a FB68     		ldr	r3, [r7, #12]
 317 010c D318     		adds	r3, r2, r3
 318 010e FB60     		str	r3, [r7, #12]
 231:../lib/STM32F10x_StdPeriph_Driver/src/stm32f10x_bkp.c **** 
 232:../lib/STM32F10x_StdPeriph_Driver/src/stm32f10x_bkp.c ****   *(__IO uint32_t *) tmp = Data;
 319              		.loc 1 232 0
 320 0110 FB68     		ldr	r3, [r7, #12]
 321 0112 BA88     		ldrh	r2, [r7, #4]
 322 0114 1A60     		str	r2, [r3, #0]
 233:../lib/STM32F10x_StdPeriph_Driver/src/stm32f10x_bkp.c **** }
 323              		.loc 1 233 0
 324 0116 07F11407 		add	r7, r7, #20
 325 011a BD46     		mov	sp, r7
 326 011c 80BC     		pop	{r7}
 327 011e 7047     		bx	lr
 328              	.L19:
 329              		.align	2
 330              	.L18:
 331 0120 006C0040 		.word	1073769472
 332              		.cfi_endproc
 333              	.LFE35:
 335              		.align	2
 336              		.global	BKP_ReadBackupRegister
 337              		.thumb
 338              		.thumb_func
 340              	BKP_ReadBackupRegister:
 341              	.LFB36:
 234:../lib/STM32F10x_StdPeriph_Driver/src/stm32f10x_bkp.c **** 
 235:../lib/STM32F10x_StdPeriph_Driver/src/stm32f10x_bkp.c **** /**
 236:../lib/STM32F10x_StdPeriph_Driver/src/stm32f10x_bkp.c ****   * @brief  Reads data from the specified Data Backup Register.
 237:../lib/STM32F10x_StdPeriph_Driver/src/stm32f10x_bkp.c ****   * @param  BKP_DR: specifies the Data Backup Register.
 238:../lib/STM32F10x_StdPeriph_Driver/src/stm32f10x_bkp.c ****   *   This parameter can be BKP_DRx where x:[1, 42]
 239:../lib/STM32F10x_StdPeriph_Driver/src/stm32f10x_bkp.c ****   * @retval The content of the specified Data Backup Register
 240:../lib/STM32F10x_StdPeriph_Driver/src/stm32f10x_bkp.c ****   */
 241:../lib/STM32F10x_StdPeriph_Driver/src/stm32f10x_bkp.c **** uint16_t BKP_ReadBackupRegister(uint16_t BKP_DR)
 242:../lib/STM32F10x_StdPeriph_Driver/src/stm32f10x_bkp.c **** {
 342              		.loc 1 242 0
 343              		.cfi_startproc
 344              		@ args = 0, pretend = 0, frame = 16
 345              		@ frame_needed = 1, uses_anonymous_args = 0
 346              		@ link register save eliminated.
 347 0124 80B4     		push	{r7}
 348              	.LCFI20:
 349              		.cfi_def_cfa_offset 4
 350              		.cfi_offset 7, -4
 351 0126 85B0     		sub	sp, sp, #20
 352              	.LCFI21:
 353              		.cfi_def_cfa_offset 24
 354 0128 00AF     		add	r7, sp, #0
 355              	.LCFI22:
 356              		.cfi_def_cfa_register 7
 357 012a 0346     		mov	r3, r0
 358 012c FB80     		strh	r3, [r7, #6]	@ movhi
 243:../lib/STM32F10x_StdPeriph_Driver/src/stm32f10x_bkp.c ****   __IO uint32_t tmp = 0;
 359              		.loc 1 243 0
 360 012e 4FF00003 		mov	r3, #0
 361 0132 FB60     		str	r3, [r7, #12]
 244:../lib/STM32F10x_StdPeriph_Driver/src/stm32f10x_bkp.c **** 
 245:../lib/STM32F10x_StdPeriph_Driver/src/stm32f10x_bkp.c ****   /* Check the parameters */
 246:../lib/STM32F10x_StdPeriph_Driver/src/stm32f10x_bkp.c ****   assert_param(IS_BKP_DR(BKP_DR));
 247:../lib/STM32F10x_StdPeriph_Driver/src/stm32f10x_bkp.c **** 
 248:../lib/STM32F10x_StdPeriph_Driver/src/stm32f10x_bkp.c ****   tmp = (uint32_t)BKP_BASE; 
 362              		.loc 1 248 0
 363 0134 074B     		ldr	r3, .L22
 364 0136 FB60     		str	r3, [r7, #12]
 249:../lib/STM32F10x_StdPeriph_Driver/src/stm32f10x_bkp.c ****   tmp += BKP_DR;
 365              		.loc 1 249 0
 366 0138 FA88     		ldrh	r2, [r7, #6]
 367 013a FB68     		ldr	r3, [r7, #12]
 368 013c D318     		adds	r3, r2, r3
 369 013e FB60     		str	r3, [r7, #12]
 250:../lib/STM32F10x_StdPeriph_Driver/src/stm32f10x_bkp.c **** 
 251:../lib/STM32F10x_StdPeriph_Driver/src/stm32f10x_bkp.c ****   return (*(__IO uint16_t *) tmp);
 370              		.loc 1 251 0
 371 0140 FB68     		ldr	r3, [r7, #12]
 372 0142 1B88     		ldrh	r3, [r3, #0]	@ movhi
 373 0144 9BB2     		uxth	r3, r3
 252:../lib/STM32F10x_StdPeriph_Driver/src/stm32f10x_bkp.c **** }
 374              		.loc 1 252 0
 375 0146 1846     		mov	r0, r3
 376 0148 07F11407 		add	r7, r7, #20
 377 014c BD46     		mov	sp, r7
 378 014e 80BC     		pop	{r7}
 379 0150 7047     		bx	lr
 380              	.L23:
 381 0152 00BF     		.align	2
 382              	.L22:
 383 0154 006C0040 		.word	1073769472
 384              		.cfi_endproc
 385              	.LFE36:
 387              		.align	2
 388              		.global	BKP_GetFlagStatus
 389              		.thumb
 390              		.thumb_func
 392              	BKP_GetFlagStatus:
 393              	.LFB37:
 253:../lib/STM32F10x_StdPeriph_Driver/src/stm32f10x_bkp.c **** 
 254:../lib/STM32F10x_StdPeriph_Driver/src/stm32f10x_bkp.c **** /**
 255:../lib/STM32F10x_StdPeriph_Driver/src/stm32f10x_bkp.c ****   * @brief  Checks whether the Tamper Pin Event flag is set or not.
 256:../lib/STM32F10x_StdPeriph_Driver/src/stm32f10x_bkp.c ****   * @param  None
 257:../lib/STM32F10x_StdPeriph_Driver/src/stm32f10x_bkp.c ****   * @retval The new state of the Tamper Pin Event flag (SET or RESET).
 258:../lib/STM32F10x_StdPeriph_Driver/src/stm32f10x_bkp.c ****   */
 259:../lib/STM32F10x_StdPeriph_Driver/src/stm32f10x_bkp.c **** FlagStatus BKP_GetFlagStatus(void)
 260:../lib/STM32F10x_StdPeriph_Driver/src/stm32f10x_bkp.c **** {
 394              		.loc 1 260 0
 395              		.cfi_startproc
 396              		@ args = 0, pretend = 0, frame = 0
 397              		@ frame_needed = 1, uses_anonymous_args = 0
 398              		@ link register save eliminated.
 399 0158 80B4     		push	{r7}
 400              	.LCFI23:
 401              		.cfi_def_cfa_offset 4
 402              		.cfi_offset 7, -4
 403 015a 00AF     		add	r7, sp, #0
 404              	.LCFI24:
 405              		.cfi_def_cfa_register 7
 261:../lib/STM32F10x_StdPeriph_Driver/src/stm32f10x_bkp.c ****   return (FlagStatus)(*(__IO uint32_t *) CSR_TEF_BB);
 406              		.loc 1 261 0
 407 015c 034B     		ldr	r3, .L26
 408 015e 1B68     		ldr	r3, [r3, #0]
 409 0160 DBB2     		uxtb	r3, r3
 262:../lib/STM32F10x_StdPeriph_Driver/src/stm32f10x_bkp.c **** }
 410              		.loc 1 262 0
 411 0162 1846     		mov	r0, r3
 412 0164 BD46     		mov	sp, r7
 413 0166 80BC     		pop	{r7}
 414 0168 7047     		bx	lr
 415              	.L27:
 416 016a 00BF     		.align	2
 417              	.L26:
 418 016c A0860D42 		.word	1108182688
 419              		.cfi_endproc
 420              	.LFE37:
 422              		.align	2
 423              		.global	BKP_ClearFlag
 424              		.thumb
 425              		.thumb_func
 427              	BKP_ClearFlag:
 428              	.LFB38:
 263:../lib/STM32F10x_StdPeriph_Driver/src/stm32f10x_bkp.c **** 
 264:../lib/STM32F10x_StdPeriph_Driver/src/stm32f10x_bkp.c **** /**
 265:../lib/STM32F10x_StdPeriph_Driver/src/stm32f10x_bkp.c ****   * @brief  Clears Tamper Pin Event pending flag.
 266:../lib/STM32F10x_StdPeriph_Driver/src/stm32f10x_bkp.c ****   * @param  None
 267:../lib/STM32F10x_StdPeriph_Driver/src/stm32f10x_bkp.c ****   * @retval None
 268:../lib/STM32F10x_StdPeriph_Driver/src/stm32f10x_bkp.c ****   */
 269:../lib/STM32F10x_StdPeriph_Driver/src/stm32f10x_bkp.c **** void BKP_ClearFlag(void)
 270:../lib/STM32F10x_StdPeriph_Driver/src/stm32f10x_bkp.c **** {
 429              		.loc 1 270 0
 430              		.cfi_startproc
 431              		@ args = 0, pretend = 0, frame = 0
 432              		@ frame_needed = 1, uses_anonymous_args = 0
 433              		@ link register save eliminated.
 434 0170 80B4     		push	{r7}
 435              	.LCFI25:
 436              		.cfi_def_cfa_offset 4
 437              		.cfi_offset 7, -4
 438 0172 00AF     		add	r7, sp, #0
 439              	.LCFI26:
 440              		.cfi_def_cfa_register 7
 271:../lib/STM32F10x_StdPeriph_Driver/src/stm32f10x_bkp.c ****   /* Set CTE bit to clear Tamper Pin Event flag */
 272:../lib/STM32F10x_StdPeriph_Driver/src/stm32f10x_bkp.c ****   BKP->CSR |= BKP_CSR_CTE;
 441              		.loc 1 272 0
 442 0174 054B     		ldr	r3, .L29
 443 0176 054A     		ldr	r2, .L29
 444 0178 928E     		ldrh	r2, [r2, #52]	@ movhi
 445 017a 92B2     		uxth	r2, r2
 446 017c 42F00102 		orr	r2, r2, #1
 447 0180 92B2     		uxth	r2, r2
 448 0182 9A86     		strh	r2, [r3, #52]	@ movhi
 273:../lib/STM32F10x_StdPeriph_Driver/src/stm32f10x_bkp.c **** }
 449              		.loc 1 273 0
 450 0184 BD46     		mov	sp, r7
 451 0186 80BC     		pop	{r7}
 452 0188 7047     		bx	lr
 453              	.L30:
 454 018a 00BF     		.align	2
 455              	.L29:
 456 018c 006C0040 		.word	1073769472
 457              		.cfi_endproc
 458              	.LFE38:
 460              		.align	2
 461              		.global	BKP_GetITStatus
 462              		.thumb
 463              		.thumb_func
 465              	BKP_GetITStatus:
 466              	.LFB39:
 274:../lib/STM32F10x_StdPeriph_Driver/src/stm32f10x_bkp.c **** 
 275:../lib/STM32F10x_StdPeriph_Driver/src/stm32f10x_bkp.c **** /**
 276:../lib/STM32F10x_StdPeriph_Driver/src/stm32f10x_bkp.c ****   * @brief  Checks whether the Tamper Pin Interrupt has occurred or not.
 277:../lib/STM32F10x_StdPeriph_Driver/src/stm32f10x_bkp.c ****   * @param  None
 278:../lib/STM32F10x_StdPeriph_Driver/src/stm32f10x_bkp.c ****   * @retval The new state of the Tamper Pin Interrupt (SET or RESET).
 279:../lib/STM32F10x_StdPeriph_Driver/src/stm32f10x_bkp.c ****   */
 280:../lib/STM32F10x_StdPeriph_Driver/src/stm32f10x_bkp.c **** ITStatus BKP_GetITStatus(void)
 281:../lib/STM32F10x_StdPeriph_Driver/src/stm32f10x_bkp.c **** {
 467              		.loc 1 281 0
 468              		.cfi_startproc
 469              		@ args = 0, pretend = 0, frame = 0
 470              		@ frame_needed = 1, uses_anonymous_args = 0
 471              		@ link register save eliminated.
 472 0190 80B4     		push	{r7}
 473              	.LCFI27:
 474              		.cfi_def_cfa_offset 4
 475              		.cfi_offset 7, -4
 476 0192 00AF     		add	r7, sp, #0
 477              	.LCFI28:
 478              		.cfi_def_cfa_register 7
 282:../lib/STM32F10x_StdPeriph_Driver/src/stm32f10x_bkp.c ****   return (ITStatus)(*(__IO uint32_t *) CSR_TIF_BB);
 479              		.loc 1 282 0
 480 0194 034B     		ldr	r3, .L33
 481 0196 1B68     		ldr	r3, [r3, #0]
 482 0198 DBB2     		uxtb	r3, r3
 283:../lib/STM32F10x_StdPeriph_Driver/src/stm32f10x_bkp.c **** }
 483              		.loc 1 283 0
 484 019a 1846     		mov	r0, r3
 485 019c BD46     		mov	sp, r7
 486 019e 80BC     		pop	{r7}
 487 01a0 7047     		bx	lr
 488              	.L34:
 489 01a2 00BF     		.align	2
 490              	.L33:
 491 01a4 A4860D42 		.word	1108182692
 492              		.cfi_endproc
 493              	.LFE39:
 495              		.align	2
 496              		.global	BKP_ClearITPendingBit
 497              		.thumb
 498              		.thumb_func
 500              	BKP_ClearITPendingBit:
 501              	.LFB40:
 284:../lib/STM32F10x_StdPeriph_Driver/src/stm32f10x_bkp.c **** 
 285:../lib/STM32F10x_StdPeriph_Driver/src/stm32f10x_bkp.c **** /**
 286:../lib/STM32F10x_StdPeriph_Driver/src/stm32f10x_bkp.c ****   * @brief  Clears Tamper Pin Interrupt pending bit.
 287:../lib/STM32F10x_StdPeriph_Driver/src/stm32f10x_bkp.c ****   * @param  None
 288:../lib/STM32F10x_StdPeriph_Driver/src/stm32f10x_bkp.c ****   * @retval None
 289:../lib/STM32F10x_StdPeriph_Driver/src/stm32f10x_bkp.c ****   */
 290:../lib/STM32F10x_StdPeriph_Driver/src/stm32f10x_bkp.c **** void BKP_ClearITPendingBit(void)
 291:../lib/STM32F10x_StdPeriph_Driver/src/stm32f10x_bkp.c **** {
 502              		.loc 1 291 0
 503              		.cfi_startproc
 504              		@ args = 0, pretend = 0, frame = 0
 505              		@ frame_needed = 1, uses_anonymous_args = 0
 506              		@ link register save eliminated.
 507 01a8 80B4     		push	{r7}
 508              	.LCFI29:
 509              		.cfi_def_cfa_offset 4
 510              		.cfi_offset 7, -4
 511 01aa 00AF     		add	r7, sp, #0
 512              	.LCFI30:
 513              		.cfi_def_cfa_register 7
 292:../lib/STM32F10x_StdPeriph_Driver/src/stm32f10x_bkp.c ****   /* Set CTI bit to clear Tamper Pin Interrupt pending bit */
 293:../lib/STM32F10x_StdPeriph_Driver/src/stm32f10x_bkp.c ****   BKP->CSR |= BKP_CSR_CTI;
 514              		.loc 1 293 0
 515 01ac 054B     		ldr	r3, .L36
 516 01ae 054A     		ldr	r2, .L36
 517 01b0 928E     		ldrh	r2, [r2, #52]	@ movhi
 518 01b2 92B2     		uxth	r2, r2
 519 01b4 42F00202 		orr	r2, r2, #2
 520 01b8 92B2     		uxth	r2, r2
 521 01ba 9A86     		strh	r2, [r3, #52]	@ movhi
 294:../lib/STM32F10x_StdPeriph_Driver/src/stm32f10x_bkp.c **** }
 522              		.loc 1 294 0
 523 01bc BD46     		mov	sp, r7
 524 01be 80BC     		pop	{r7}
 525 01c0 7047     		bx	lr
 526              	.L37:
 527 01c2 00BF     		.align	2
 528              	.L36:
 529 01c4 006C0040 		.word	1073769472
 530              		.cfi_endproc
 531              	.LFE40:
 533              	.Letext0:
 534              		.file 2 "/home/oni/ARM_EABI/bin/../lib/gcc/arm-none-eabi/4.7.2/../../../../arm-none-eabi/include/s
 535              		.file 3 "/home/oni/workspace/Naze32/lib/CMSIS/CM3/DeviceSupport/ST/STM32F10x/stm32f10x.h"
 536              		.file 4 "/home/oni/workspace/Naze32/lib/CMSIS/CM3/CoreSupport/core_cm3.h"
DEFINED SYMBOLS
                            *ABS*:00000000 stm32f10x_bkp.c
     /tmp/cc3ba5by.s:18     .text:00000000 $t
     /tmp/cc3ba5by.s:23     .text:00000000 BKP_DeInit
     /tmp/cc3ba5by.s:54     .text:00000018 BKP_TamperPinLevelConfig
     /tmp/cc3ba5by.s:85     .text:00000034 $d
     /tmp/cc3ba5by.s:89     .text:00000038 $t
     /tmp/cc3ba5by.s:94     .text:00000038 BKP_TamperPinCmd
     /tmp/cc3ba5by.s:125    .text:00000054 $d
     /tmp/cc3ba5by.s:129    .text:00000058 $t
     /tmp/cc3ba5by.s:134    .text:00000058 BKP_ITConfig
     /tmp/cc3ba5by.s:165    .text:00000074 $d
     /tmp/cc3ba5by.s:169    .text:00000078 $t
     /tmp/cc3ba5by.s:174    .text:00000078 BKP_RTCOutputConfig
     /tmp/cc3ba5by.s:221    .text:000000b0 $d
     /tmp/cc3ba5by.s:225    .text:000000b4 $t
     /tmp/cc3ba5by.s:230    .text:000000b4 BKP_SetRTCCalibrationValue
     /tmp/cc3ba5by.s:278    .text:000000ec $d
     /tmp/cc3ba5by.s:282    .text:000000f0 $t
     /tmp/cc3ba5by.s:287    .text:000000f0 BKP_WriteBackupRegister
     /tmp/cc3ba5by.s:331    .text:00000120 $d
     /tmp/cc3ba5by.s:335    .text:00000124 $t
     /tmp/cc3ba5by.s:340    .text:00000124 BKP_ReadBackupRegister
     /tmp/cc3ba5by.s:383    .text:00000154 $d
     /tmp/cc3ba5by.s:387    .text:00000158 $t
     /tmp/cc3ba5by.s:392    .text:00000158 BKP_GetFlagStatus
     /tmp/cc3ba5by.s:418    .text:0000016c $d
     /tmp/cc3ba5by.s:422    .text:00000170 $t
     /tmp/cc3ba5by.s:427    .text:00000170 BKP_ClearFlag
     /tmp/cc3ba5by.s:456    .text:0000018c $d
     /tmp/cc3ba5by.s:460    .text:00000190 $t
     /tmp/cc3ba5by.s:465    .text:00000190 BKP_GetITStatus
     /tmp/cc3ba5by.s:491    .text:000001a4 $d
     /tmp/cc3ba5by.s:495    .text:000001a8 $t
     /tmp/cc3ba5by.s:500    .text:000001a8 BKP_ClearITPendingBit
     /tmp/cc3ba5by.s:529    .text:000001c4 $d
                     .debug_frame:00000010 $d
                           .group:00000000 wm4.1.809c0ff785d6d6219236c5d51f444c16
                           .group:00000000 wm4.stm32f10x.h.51.b859cb68ed44ee02c916b41cb8c68f1c
                           .group:00000000 wm4.core_cm3.h.25.d35e9a9b04ec4aaebae9bf79fff061f9
                           .group:00000000 wm4.stdint.h.10.90b695f550ca6cc3fb08fa83baf01e05
                           .group:00000000 wm4.core_cm3.h.113.b286929a54d33b4c8909a7132437b244
                           .group:00000000 wm4.stm32f10x.h.522.9a9f642c8c562acb4a63ad5d933b7c01
                           .group:00000000 wm4.stm32f10x_adc.h.83.4d35a50d598070ecea6f33bcef02c922
                           .group:00000000 wm4.stm32f10x_can.h.25.48aab46fcce6d08400bf960b028e4698
                           .group:00000000 wm4.stm32f10x_cec.h.25.8f03450e7bbb704d96e7bc73ec0f66a7
                           .group:00000000 wm4.stm32f10x_dac.h.25.6e7f2924f39c60c10815105b99b8b446
                           .group:00000000 wm4.stm32f10x_dbgmcu.h.25.d3351200fc7f9c8615d1ae81d40db08a
                           .group:00000000 wm4.stm32f10x_dma.h.25.94e36204daa98cae5dcc70a10a9694d5
                           .group:00000000 wm4.stm32f10x_exti.h.25.b9064155c5c006b5154b39788c79001a
                           .group:00000000 wm4.stm32f10x_flash.h.25.4be61fcb02863962a1e006449d310650
                           .group:00000000 wm4.stm32f10x_fsmc.h.25.bca154da2699cdb6024c0c6c4fc5aa89
                           .group:00000000 wm4.stm32f10x_gpio.h.25.80c981af0e637567395034c576cfb3ce
                           .group:00000000 wm4.stm32f10x_i2c.h.25.7b6cbaea24c6f25f538f8516d1814cb2
                           .group:00000000 wm4.stm32f10x_iwdg.h.25.da9374ab9856795610487f312ccf3122
                           .group:00000000 wm4.stm32f10x_pwr.h.25.37ef75009f751ef5fe27910e0bf00a62
                           .group:00000000 wm4.stm32f10x_rcc.h.25.968bcf08d813e68e57c280a4da69fa5a
                           .group:00000000 wm4.stm32f10x_rtc.h.25.361142606ba98ddcd10369f321f6e636
                           .group:00000000 wm4.stm32f10x_sdio.h.25.1fb5280a7690ef99070096bf8c866b3a
                           .group:00000000 wm4.stm32f10x_spi.h.25.68b3d5ccfcf895f9fe505ce20c0c300f
                           .group:00000000 wm4.stm32f10x_tim.h.25.21c6ec062f1e74898cb96a57da276fec
                           .group:00000000 wm4.stm32f10x_usart.h.25.29629c699b65db3f3efd3561f66b0bf6
                           .group:00000000 wm4.stm32f10x_wwdg.h.25.dde12201d86b5aa9ecaafb5eccdc6549
                           .group:00000000 wm4.misc.h.25.068e106f368fa5369a681ef57c106f4b
                           .group:00000000 wm4.stm32f10x.h.8304.f7d8ad90959e99679b3257267c3aadfe
                           .group:00000000 wm4.stm32f10x_bkp.h.58.6453665ad39dc78c618a75ac337c70d3

UNDEFINED SYMBOLS
RCC_BackupResetCmd
