   1              		.syntax unified
   2              		.cpu cortex-m3
   3              		.fpu softvfp
   4              		.eabi_attribute 20, 1
   5              		.eabi_attribute 21, 1
   6              		.eabi_attribute 23, 3
   7              		.eabi_attribute 24, 1
   8              		.eabi_attribute 25, 1
   9              		.eabi_attribute 26, 1
  10              		.eabi_attribute 30, 6
  11              		.eabi_attribute 34, 1
  12              		.eabi_attribute 18, 4
  13              		.thumb
  14              		.file	"stm32f10x_crc.c"
  15              		.text
  16              	.Ltext0:
  17              		.cfi_sections	.debug_frame
  18              		.align	2
  19              		.global	CRC_ResetDR
  20              		.thumb
  21              		.thumb_func
  23              	CRC_ResetDR:
  24              	.LFB29:
  25              		.file 1 "../lib/STM32F10x_StdPeriph_Driver/src/stm32f10x_crc.c"
   1:../lib/STM32F10x_StdPeriph_Driver/src/stm32f10x_crc.c **** /**
   2:../lib/STM32F10x_StdPeriph_Driver/src/stm32f10x_crc.c ****   ******************************************************************************
   3:../lib/STM32F10x_StdPeriph_Driver/src/stm32f10x_crc.c ****   * @file    stm32f10x_crc.c
   4:../lib/STM32F10x_StdPeriph_Driver/src/stm32f10x_crc.c ****   * @author  MCD Application Team
   5:../lib/STM32F10x_StdPeriph_Driver/src/stm32f10x_crc.c ****   * @version V3.5.0
   6:../lib/STM32F10x_StdPeriph_Driver/src/stm32f10x_crc.c ****   * @date    11-March-2011
   7:../lib/STM32F10x_StdPeriph_Driver/src/stm32f10x_crc.c ****   * @brief   This file provides all the CRC firmware functions.
   8:../lib/STM32F10x_StdPeriph_Driver/src/stm32f10x_crc.c ****   ******************************************************************************
   9:../lib/STM32F10x_StdPeriph_Driver/src/stm32f10x_crc.c ****   * @attention
  10:../lib/STM32F10x_StdPeriph_Driver/src/stm32f10x_crc.c ****   *
  11:../lib/STM32F10x_StdPeriph_Driver/src/stm32f10x_crc.c ****   * THE PRESENT FIRMWARE WHICH IS FOR GUIDANCE ONLY AIMS AT PROVIDING CUSTOMERS
  12:../lib/STM32F10x_StdPeriph_Driver/src/stm32f10x_crc.c ****   * WITH CODING INFORMATION REGARDING THEIR PRODUCTS IN ORDER FOR THEM TO SAVE
  13:../lib/STM32F10x_StdPeriph_Driver/src/stm32f10x_crc.c ****   * TIME. AS A RESULT, STMICROELECTRONICS SHALL NOT BE HELD LIABLE FOR ANY
  14:../lib/STM32F10x_StdPeriph_Driver/src/stm32f10x_crc.c ****   * DIRECT, INDIRECT OR CONSEQUENTIAL DAMAGES WITH RESPECT TO ANY CLAIMS ARISING
  15:../lib/STM32F10x_StdPeriph_Driver/src/stm32f10x_crc.c ****   * FROM THE CONTENT OF SUCH FIRMWARE AND/OR THE USE MADE BY CUSTOMERS OF THE
  16:../lib/STM32F10x_StdPeriph_Driver/src/stm32f10x_crc.c ****   * CODING INFORMATION CONTAINED HEREIN IN CONNECTION WITH THEIR PRODUCTS.
  17:../lib/STM32F10x_StdPeriph_Driver/src/stm32f10x_crc.c ****   *
  18:../lib/STM32F10x_StdPeriph_Driver/src/stm32f10x_crc.c ****   * <h2><center>&copy; COPYRIGHT 2011 STMicroelectronics</center></h2>
  19:../lib/STM32F10x_StdPeriph_Driver/src/stm32f10x_crc.c ****   ******************************************************************************
  20:../lib/STM32F10x_StdPeriph_Driver/src/stm32f10x_crc.c ****   */
  21:../lib/STM32F10x_StdPeriph_Driver/src/stm32f10x_crc.c **** 
  22:../lib/STM32F10x_StdPeriph_Driver/src/stm32f10x_crc.c **** /* Includes ------------------------------------------------------------------*/
  23:../lib/STM32F10x_StdPeriph_Driver/src/stm32f10x_crc.c **** #include "stm32f10x_crc.h"
  24:../lib/STM32F10x_StdPeriph_Driver/src/stm32f10x_crc.c **** 
  25:../lib/STM32F10x_StdPeriph_Driver/src/stm32f10x_crc.c **** /** @addtogroup STM32F10x_StdPeriph_Driver
  26:../lib/STM32F10x_StdPeriph_Driver/src/stm32f10x_crc.c ****   * @{
  27:../lib/STM32F10x_StdPeriph_Driver/src/stm32f10x_crc.c ****   */
  28:../lib/STM32F10x_StdPeriph_Driver/src/stm32f10x_crc.c **** 
  29:../lib/STM32F10x_StdPeriph_Driver/src/stm32f10x_crc.c **** /** @defgroup CRC 
  30:../lib/STM32F10x_StdPeriph_Driver/src/stm32f10x_crc.c ****   * @brief CRC driver modules
  31:../lib/STM32F10x_StdPeriph_Driver/src/stm32f10x_crc.c ****   * @{
  32:../lib/STM32F10x_StdPeriph_Driver/src/stm32f10x_crc.c ****   */
  33:../lib/STM32F10x_StdPeriph_Driver/src/stm32f10x_crc.c **** 
  34:../lib/STM32F10x_StdPeriph_Driver/src/stm32f10x_crc.c **** /** @defgroup CRC_Private_TypesDefinitions
  35:../lib/STM32F10x_StdPeriph_Driver/src/stm32f10x_crc.c ****   * @{
  36:../lib/STM32F10x_StdPeriph_Driver/src/stm32f10x_crc.c ****   */
  37:../lib/STM32F10x_StdPeriph_Driver/src/stm32f10x_crc.c **** 
  38:../lib/STM32F10x_StdPeriph_Driver/src/stm32f10x_crc.c **** /**
  39:../lib/STM32F10x_StdPeriph_Driver/src/stm32f10x_crc.c ****   * @}
  40:../lib/STM32F10x_StdPeriph_Driver/src/stm32f10x_crc.c ****   */
  41:../lib/STM32F10x_StdPeriph_Driver/src/stm32f10x_crc.c **** 
  42:../lib/STM32F10x_StdPeriph_Driver/src/stm32f10x_crc.c **** /** @defgroup CRC_Private_Defines
  43:../lib/STM32F10x_StdPeriph_Driver/src/stm32f10x_crc.c ****   * @{
  44:../lib/STM32F10x_StdPeriph_Driver/src/stm32f10x_crc.c ****   */
  45:../lib/STM32F10x_StdPeriph_Driver/src/stm32f10x_crc.c **** 
  46:../lib/STM32F10x_StdPeriph_Driver/src/stm32f10x_crc.c **** /**
  47:../lib/STM32F10x_StdPeriph_Driver/src/stm32f10x_crc.c ****   * @}
  48:../lib/STM32F10x_StdPeriph_Driver/src/stm32f10x_crc.c ****   */
  49:../lib/STM32F10x_StdPeriph_Driver/src/stm32f10x_crc.c **** 
  50:../lib/STM32F10x_StdPeriph_Driver/src/stm32f10x_crc.c **** /** @defgroup CRC_Private_Macros
  51:../lib/STM32F10x_StdPeriph_Driver/src/stm32f10x_crc.c ****   * @{
  52:../lib/STM32F10x_StdPeriph_Driver/src/stm32f10x_crc.c ****   */
  53:../lib/STM32F10x_StdPeriph_Driver/src/stm32f10x_crc.c **** 
  54:../lib/STM32F10x_StdPeriph_Driver/src/stm32f10x_crc.c **** /**
  55:../lib/STM32F10x_StdPeriph_Driver/src/stm32f10x_crc.c ****   * @}
  56:../lib/STM32F10x_StdPeriph_Driver/src/stm32f10x_crc.c ****   */
  57:../lib/STM32F10x_StdPeriph_Driver/src/stm32f10x_crc.c **** 
  58:../lib/STM32F10x_StdPeriph_Driver/src/stm32f10x_crc.c **** /** @defgroup CRC_Private_Variables
  59:../lib/STM32F10x_StdPeriph_Driver/src/stm32f10x_crc.c ****   * @{
  60:../lib/STM32F10x_StdPeriph_Driver/src/stm32f10x_crc.c ****   */
  61:../lib/STM32F10x_StdPeriph_Driver/src/stm32f10x_crc.c **** 
  62:../lib/STM32F10x_StdPeriph_Driver/src/stm32f10x_crc.c **** /**
  63:../lib/STM32F10x_StdPeriph_Driver/src/stm32f10x_crc.c ****   * @}
  64:../lib/STM32F10x_StdPeriph_Driver/src/stm32f10x_crc.c ****   */
  65:../lib/STM32F10x_StdPeriph_Driver/src/stm32f10x_crc.c **** 
  66:../lib/STM32F10x_StdPeriph_Driver/src/stm32f10x_crc.c **** /** @defgroup CRC_Private_FunctionPrototypes
  67:../lib/STM32F10x_StdPeriph_Driver/src/stm32f10x_crc.c ****   * @{
  68:../lib/STM32F10x_StdPeriph_Driver/src/stm32f10x_crc.c ****   */
  69:../lib/STM32F10x_StdPeriph_Driver/src/stm32f10x_crc.c **** 
  70:../lib/STM32F10x_StdPeriph_Driver/src/stm32f10x_crc.c **** /**
  71:../lib/STM32F10x_StdPeriph_Driver/src/stm32f10x_crc.c ****   * @}
  72:../lib/STM32F10x_StdPeriph_Driver/src/stm32f10x_crc.c ****   */
  73:../lib/STM32F10x_StdPeriph_Driver/src/stm32f10x_crc.c **** 
  74:../lib/STM32F10x_StdPeriph_Driver/src/stm32f10x_crc.c **** /** @defgroup CRC_Private_Functions
  75:../lib/STM32F10x_StdPeriph_Driver/src/stm32f10x_crc.c ****   * @{
  76:../lib/STM32F10x_StdPeriph_Driver/src/stm32f10x_crc.c ****   */
  77:../lib/STM32F10x_StdPeriph_Driver/src/stm32f10x_crc.c **** 
  78:../lib/STM32F10x_StdPeriph_Driver/src/stm32f10x_crc.c **** /**
  79:../lib/STM32F10x_StdPeriph_Driver/src/stm32f10x_crc.c ****   * @brief  Resets the CRC Data register (DR).
  80:../lib/STM32F10x_StdPeriph_Driver/src/stm32f10x_crc.c ****   * @param  None
  81:../lib/STM32F10x_StdPeriph_Driver/src/stm32f10x_crc.c ****   * @retval None
  82:../lib/STM32F10x_StdPeriph_Driver/src/stm32f10x_crc.c ****   */
  83:../lib/STM32F10x_StdPeriph_Driver/src/stm32f10x_crc.c **** void CRC_ResetDR(void)
  84:../lib/STM32F10x_StdPeriph_Driver/src/stm32f10x_crc.c **** {
  26              		.loc 1 84 0
  27              		.cfi_startproc
  28              		@ args = 0, pretend = 0, frame = 0
  29              		@ frame_needed = 1, uses_anonymous_args = 0
  30              		@ link register save eliminated.
  31 0000 80B4     		push	{r7}
  32              	.LCFI0:
  33              		.cfi_def_cfa_offset 4
  34              		.cfi_offset 7, -4
  35 0002 00AF     		add	r7, sp, #0
  36              	.LCFI1:
  37              		.cfi_def_cfa_register 7
  85:../lib/STM32F10x_StdPeriph_Driver/src/stm32f10x_crc.c ****   /* Reset CRC generator */
  86:../lib/STM32F10x_StdPeriph_Driver/src/stm32f10x_crc.c ****   CRC->CR = CRC_CR_RESET;
  38              		.loc 1 86 0
  39 0004 034B     		ldr	r3, .L2
  40 0006 4FF00102 		mov	r2, #1
  41 000a 9A60     		str	r2, [r3, #8]
  87:../lib/STM32F10x_StdPeriph_Driver/src/stm32f10x_crc.c **** }
  42              		.loc 1 87 0
  43 000c BD46     		mov	sp, r7
  44 000e 80BC     		pop	{r7}
  45 0010 7047     		bx	lr
  46              	.L3:
  47 0012 00BF     		.align	2
  48              	.L2:
  49 0014 00300240 		.word	1073885184
  50              		.cfi_endproc
  51              	.LFE29:
  53              		.align	2
  54              		.global	CRC_CalcCRC
  55              		.thumb
  56              		.thumb_func
  58              	CRC_CalcCRC:
  59              	.LFB30:
  88:../lib/STM32F10x_StdPeriph_Driver/src/stm32f10x_crc.c **** 
  89:../lib/STM32F10x_StdPeriph_Driver/src/stm32f10x_crc.c **** /**
  90:../lib/STM32F10x_StdPeriph_Driver/src/stm32f10x_crc.c ****   * @brief  Computes the 32-bit CRC of a given data word(32-bit).
  91:../lib/STM32F10x_StdPeriph_Driver/src/stm32f10x_crc.c ****   * @param  Data: data word(32-bit) to compute its CRC
  92:../lib/STM32F10x_StdPeriph_Driver/src/stm32f10x_crc.c ****   * @retval 32-bit CRC
  93:../lib/STM32F10x_StdPeriph_Driver/src/stm32f10x_crc.c ****   */
  94:../lib/STM32F10x_StdPeriph_Driver/src/stm32f10x_crc.c **** uint32_t CRC_CalcCRC(uint32_t Data)
  95:../lib/STM32F10x_StdPeriph_Driver/src/stm32f10x_crc.c **** {
  60              		.loc 1 95 0
  61              		.cfi_startproc
  62              		@ args = 0, pretend = 0, frame = 8
  63              		@ frame_needed = 1, uses_anonymous_args = 0
  64              		@ link register save eliminated.
  65 0018 80B4     		push	{r7}
  66              	.LCFI2:
  67              		.cfi_def_cfa_offset 4
  68              		.cfi_offset 7, -4
  69 001a 83B0     		sub	sp, sp, #12
  70              	.LCFI3:
  71              		.cfi_def_cfa_offset 16
  72 001c 00AF     		add	r7, sp, #0
  73              	.LCFI4:
  74              		.cfi_def_cfa_register 7
  75 001e 7860     		str	r0, [r7, #4]
  96:../lib/STM32F10x_StdPeriph_Driver/src/stm32f10x_crc.c ****   CRC->DR = Data;
  76              		.loc 1 96 0
  77 0020 054B     		ldr	r3, .L6
  78 0022 7A68     		ldr	r2, [r7, #4]
  79 0024 1A60     		str	r2, [r3, #0]
  97:../lib/STM32F10x_StdPeriph_Driver/src/stm32f10x_crc.c ****   
  98:../lib/STM32F10x_StdPeriph_Driver/src/stm32f10x_crc.c ****   return (CRC->DR);
  80              		.loc 1 98 0
  81 0026 044B     		ldr	r3, .L6
  82 0028 1B68     		ldr	r3, [r3, #0]
  99:../lib/STM32F10x_StdPeriph_Driver/src/stm32f10x_crc.c **** }
  83              		.loc 1 99 0
  84 002a 1846     		mov	r0, r3
  85 002c 07F10C07 		add	r7, r7, #12
  86 0030 BD46     		mov	sp, r7
  87 0032 80BC     		pop	{r7}
  88 0034 7047     		bx	lr
  89              	.L7:
  90 0036 00BF     		.align	2
  91              	.L6:
  92 0038 00300240 		.word	1073885184
  93              		.cfi_endproc
  94              	.LFE30:
  96              		.align	2
  97              		.global	CRC_CalcBlockCRC
  98              		.thumb
  99              		.thumb_func
 101              	CRC_CalcBlockCRC:
 102              	.LFB31:
 100:../lib/STM32F10x_StdPeriph_Driver/src/stm32f10x_crc.c **** 
 101:../lib/STM32F10x_StdPeriph_Driver/src/stm32f10x_crc.c **** /**
 102:../lib/STM32F10x_StdPeriph_Driver/src/stm32f10x_crc.c ****   * @brief  Computes the 32-bit CRC of a given buffer of data word(32-bit).
 103:../lib/STM32F10x_StdPeriph_Driver/src/stm32f10x_crc.c ****   * @param  pBuffer: pointer to the buffer containing the data to be computed
 104:../lib/STM32F10x_StdPeriph_Driver/src/stm32f10x_crc.c ****   * @param  BufferLength: length of the buffer to be computed					
 105:../lib/STM32F10x_StdPeriph_Driver/src/stm32f10x_crc.c ****   * @retval 32-bit CRC
 106:../lib/STM32F10x_StdPeriph_Driver/src/stm32f10x_crc.c ****   */
 107:../lib/STM32F10x_StdPeriph_Driver/src/stm32f10x_crc.c **** uint32_t CRC_CalcBlockCRC(uint32_t pBuffer[], uint32_t BufferLength)
 108:../lib/STM32F10x_StdPeriph_Driver/src/stm32f10x_crc.c **** {
 103              		.loc 1 108 0
 104              		.cfi_startproc
 105              		@ args = 0, pretend = 0, frame = 16
 106              		@ frame_needed = 1, uses_anonymous_args = 0
 107              		@ link register save eliminated.
 108 003c 80B4     		push	{r7}
 109              	.LCFI5:
 110              		.cfi_def_cfa_offset 4
 111              		.cfi_offset 7, -4
 112 003e 85B0     		sub	sp, sp, #20
 113              	.LCFI6:
 114              		.cfi_def_cfa_offset 24
 115 0040 00AF     		add	r7, sp, #0
 116              	.LCFI7:
 117              		.cfi_def_cfa_register 7
 118 0042 7860     		str	r0, [r7, #4]
 119 0044 3960     		str	r1, [r7, #0]
 109:../lib/STM32F10x_StdPeriph_Driver/src/stm32f10x_crc.c ****   uint32_t index = 0;
 120              		.loc 1 109 0
 121 0046 4FF00003 		mov	r3, #0
 122 004a FB60     		str	r3, [r7, #12]
 110:../lib/STM32F10x_StdPeriph_Driver/src/stm32f10x_crc.c ****   
 111:../lib/STM32F10x_StdPeriph_Driver/src/stm32f10x_crc.c ****   for(index = 0; index < BufferLength; index++)
 123              		.loc 1 111 0
 124 004c 4FF00003 		mov	r3, #0
 125 0050 FB60     		str	r3, [r7, #12]
 126 0052 0BE0     		b	.L9
 127              	.L10:
 112:../lib/STM32F10x_StdPeriph_Driver/src/stm32f10x_crc.c ****   {
 113:../lib/STM32F10x_StdPeriph_Driver/src/stm32f10x_crc.c ****     CRC->DR = pBuffer[index];
 128              		.loc 1 113 0 discriminator 2
 129 0054 0B4B     		ldr	r3, .L12
 130 0056 FA68     		ldr	r2, [r7, #12]
 131 0058 4FEA8202 		lsl	r2, r2, #2
 132 005c 7968     		ldr	r1, [r7, #4]
 133 005e 8A18     		adds	r2, r1, r2
 134 0060 1268     		ldr	r2, [r2, #0]
 135 0062 1A60     		str	r2, [r3, #0]
 111:../lib/STM32F10x_StdPeriph_Driver/src/stm32f10x_crc.c ****   for(index = 0; index < BufferLength; index++)
 136              		.loc 1 111 0 discriminator 2
 137 0064 FB68     		ldr	r3, [r7, #12]
 138 0066 03F10103 		add	r3, r3, #1
 139 006a FB60     		str	r3, [r7, #12]
 140              	.L9:
 111:../lib/STM32F10x_StdPeriph_Driver/src/stm32f10x_crc.c ****   for(index = 0; index < BufferLength; index++)
 141              		.loc 1 111 0 is_stmt 0 discriminator 1
 142 006c FA68     		ldr	r2, [r7, #12]
 143 006e 3B68     		ldr	r3, [r7, #0]
 144 0070 9A42     		cmp	r2, r3
 145 0072 EFD3     		bcc	.L10
 114:../lib/STM32F10x_StdPeriph_Driver/src/stm32f10x_crc.c ****   }
 115:../lib/STM32F10x_StdPeriph_Driver/src/stm32f10x_crc.c ****   return (CRC->DR);
 146              		.loc 1 115 0 is_stmt 1
 147 0074 034B     		ldr	r3, .L12
 148 0076 1B68     		ldr	r3, [r3, #0]
 116:../lib/STM32F10x_StdPeriph_Driver/src/stm32f10x_crc.c **** }
 149              		.loc 1 116 0
 150 0078 1846     		mov	r0, r3
 151 007a 07F11407 		add	r7, r7, #20
 152 007e BD46     		mov	sp, r7
 153 0080 80BC     		pop	{r7}
 154 0082 7047     		bx	lr
 155              	.L13:
 156              		.align	2
 157              	.L12:
 158 0084 00300240 		.word	1073885184
 159              		.cfi_endproc
 160              	.LFE31:
 162              		.align	2
 163              		.global	CRC_GetCRC
 164              		.thumb
 165              		.thumb_func
 167              	CRC_GetCRC:
 168              	.LFB32:
 117:../lib/STM32F10x_StdPeriph_Driver/src/stm32f10x_crc.c **** 
 118:../lib/STM32F10x_StdPeriph_Driver/src/stm32f10x_crc.c **** /**
 119:../lib/STM32F10x_StdPeriph_Driver/src/stm32f10x_crc.c ****   * @brief  Returns the current CRC value.
 120:../lib/STM32F10x_StdPeriph_Driver/src/stm32f10x_crc.c ****   * @param  None
 121:../lib/STM32F10x_StdPeriph_Driver/src/stm32f10x_crc.c ****   * @retval 32-bit CRC
 122:../lib/STM32F10x_StdPeriph_Driver/src/stm32f10x_crc.c ****   */
 123:../lib/STM32F10x_StdPeriph_Driver/src/stm32f10x_crc.c **** uint32_t CRC_GetCRC(void)
 124:../lib/STM32F10x_StdPeriph_Driver/src/stm32f10x_crc.c **** {
 169              		.loc 1 124 0
 170              		.cfi_startproc
 171              		@ args = 0, pretend = 0, frame = 0
 172              		@ frame_needed = 1, uses_anonymous_args = 0
 173              		@ link register save eliminated.
 174 0088 80B4     		push	{r7}
 175              	.LCFI8:
 176              		.cfi_def_cfa_offset 4
 177              		.cfi_offset 7, -4
 178 008a 00AF     		add	r7, sp, #0
 179              	.LCFI9:
 180              		.cfi_def_cfa_register 7
 125:../lib/STM32F10x_StdPeriph_Driver/src/stm32f10x_crc.c ****   return (CRC->DR);
 181              		.loc 1 125 0
 182 008c 024B     		ldr	r3, .L16
 183 008e 1B68     		ldr	r3, [r3, #0]
 126:../lib/STM32F10x_StdPeriph_Driver/src/stm32f10x_crc.c **** }
 184              		.loc 1 126 0
 185 0090 1846     		mov	r0, r3
 186 0092 BD46     		mov	sp, r7
 187 0094 80BC     		pop	{r7}
 188 0096 7047     		bx	lr
 189              	.L17:
 190              		.align	2
 191              	.L16:
 192 0098 00300240 		.word	1073885184
 193              		.cfi_endproc
 194              	.LFE32:
 196              		.align	2
 197              		.global	CRC_SetIDRegister
 198              		.thumb
 199              		.thumb_func
 201              	CRC_SetIDRegister:
 202              	.LFB33:
 127:../lib/STM32F10x_StdPeriph_Driver/src/stm32f10x_crc.c **** 
 128:../lib/STM32F10x_StdPeriph_Driver/src/stm32f10x_crc.c **** /**
 129:../lib/STM32F10x_StdPeriph_Driver/src/stm32f10x_crc.c ****   * @brief  Stores a 8-bit data in the Independent Data(ID) register.
 130:../lib/STM32F10x_StdPeriph_Driver/src/stm32f10x_crc.c ****   * @param  IDValue: 8-bit value to be stored in the ID register 					
 131:../lib/STM32F10x_StdPeriph_Driver/src/stm32f10x_crc.c ****   * @retval None
 132:../lib/STM32F10x_StdPeriph_Driver/src/stm32f10x_crc.c ****   */
 133:../lib/STM32F10x_StdPeriph_Driver/src/stm32f10x_crc.c **** void CRC_SetIDRegister(uint8_t IDValue)
 134:../lib/STM32F10x_StdPeriph_Driver/src/stm32f10x_crc.c **** {
 203              		.loc 1 134 0
 204              		.cfi_startproc
 205              		@ args = 0, pretend = 0, frame = 8
 206              		@ frame_needed = 1, uses_anonymous_args = 0
 207              		@ link register save eliminated.
 208 009c 80B4     		push	{r7}
 209              	.LCFI10:
 210              		.cfi_def_cfa_offset 4
 211              		.cfi_offset 7, -4
 212 009e 83B0     		sub	sp, sp, #12
 213              	.LCFI11:
 214              		.cfi_def_cfa_offset 16
 215 00a0 00AF     		add	r7, sp, #0
 216              	.LCFI12:
 217              		.cfi_def_cfa_register 7
 218 00a2 0346     		mov	r3, r0
 219 00a4 FB71     		strb	r3, [r7, #7]
 135:../lib/STM32F10x_StdPeriph_Driver/src/stm32f10x_crc.c ****   CRC->IDR = IDValue;
 220              		.loc 1 135 0
 221 00a6 044B     		ldr	r3, .L19
 222 00a8 FA79     		ldrb	r2, [r7, #7]
 223 00aa 1A71     		strb	r2, [r3, #4]
 136:../lib/STM32F10x_StdPeriph_Driver/src/stm32f10x_crc.c **** }
 224              		.loc 1 136 0
 225 00ac 07F10C07 		add	r7, r7, #12
 226 00b0 BD46     		mov	sp, r7
 227 00b2 80BC     		pop	{r7}
 228 00b4 7047     		bx	lr
 229              	.L20:
 230 00b6 00BF     		.align	2
 231              	.L19:
 232 00b8 00300240 		.word	1073885184
 233              		.cfi_endproc
 234              	.LFE33:
 236              		.align	2
 237              		.global	CRC_GetIDRegister
 238              		.thumb
 239              		.thumb_func
 241              	CRC_GetIDRegister:
 242              	.LFB34:
 137:../lib/STM32F10x_StdPeriph_Driver/src/stm32f10x_crc.c **** 
 138:../lib/STM32F10x_StdPeriph_Driver/src/stm32f10x_crc.c **** /**
 139:../lib/STM32F10x_StdPeriph_Driver/src/stm32f10x_crc.c ****   * @brief  Returns the 8-bit data stored in the Independent Data(ID) register
 140:../lib/STM32F10x_StdPeriph_Driver/src/stm32f10x_crc.c ****   * @param  None
 141:../lib/STM32F10x_StdPeriph_Driver/src/stm32f10x_crc.c ****   * @retval 8-bit value of the ID register 
 142:../lib/STM32F10x_StdPeriph_Driver/src/stm32f10x_crc.c ****   */
 143:../lib/STM32F10x_StdPeriph_Driver/src/stm32f10x_crc.c **** uint8_t CRC_GetIDRegister(void)
 144:../lib/STM32F10x_StdPeriph_Driver/src/stm32f10x_crc.c **** {
 243              		.loc 1 144 0
 244              		.cfi_startproc
 245              		@ args = 0, pretend = 0, frame = 0
 246              		@ frame_needed = 1, uses_anonymous_args = 0
 247              		@ link register save eliminated.
 248 00bc 80B4     		push	{r7}
 249              	.LCFI13:
 250              		.cfi_def_cfa_offset 4
 251              		.cfi_offset 7, -4
 252 00be 00AF     		add	r7, sp, #0
 253              	.LCFI14:
 254              		.cfi_def_cfa_register 7
 145:../lib/STM32F10x_StdPeriph_Driver/src/stm32f10x_crc.c ****   return (CRC->IDR);
 255              		.loc 1 145 0
 256 00c0 034B     		ldr	r3, .L23
 257 00c2 1B79     		ldrb	r3, [r3, #4]
 258 00c4 DBB2     		uxtb	r3, r3
 146:../lib/STM32F10x_StdPeriph_Driver/src/stm32f10x_crc.c **** }
 259              		.loc 1 146 0
 260 00c6 1846     		mov	r0, r3
 261 00c8 BD46     		mov	sp, r7
 262 00ca 80BC     		pop	{r7}
 263 00cc 7047     		bx	lr
 264              	.L24:
 265 00ce 00BF     		.align	2
 266              	.L23:
 267 00d0 00300240 		.word	1073885184
 268              		.cfi_endproc
 269              	.LFE34:
 271              	.Letext0:
 272              		.file 2 "/home/oni/ARM_EABI/bin/../lib/gcc/arm-none-eabi/4.7.2/../../../../arm-none-eabi/include/s
 273              		.file 3 "/home/oni/workspace/Naze32/lib/CMSIS/CM3/DeviceSupport/ST/STM32F10x/stm32f10x.h"
 274              		.file 4 "/home/oni/workspace/Naze32/lib/CMSIS/CM3/CoreSupport/core_cm3.h"
DEFINED SYMBOLS
                            *ABS*:00000000 stm32f10x_crc.c
     /tmp/cckKSs8F.s:18     .text:00000000 $t
     /tmp/cckKSs8F.s:23     .text:00000000 CRC_ResetDR
     /tmp/cckKSs8F.s:49     .text:00000014 $d
     /tmp/cckKSs8F.s:53     .text:00000018 $t
     /tmp/cckKSs8F.s:58     .text:00000018 CRC_CalcCRC
     /tmp/cckKSs8F.s:92     .text:00000038 $d
     /tmp/cckKSs8F.s:96     .text:0000003c $t
     /tmp/cckKSs8F.s:101    .text:0000003c CRC_CalcBlockCRC
     /tmp/cckKSs8F.s:158    .text:00000084 $d
     /tmp/cckKSs8F.s:162    .text:00000088 $t
     /tmp/cckKSs8F.s:167    .text:00000088 CRC_GetCRC
     /tmp/cckKSs8F.s:192    .text:00000098 $d
     /tmp/cckKSs8F.s:196    .text:0000009c $t
     /tmp/cckKSs8F.s:201    .text:0000009c CRC_SetIDRegister
     /tmp/cckKSs8F.s:232    .text:000000b8 $d
     /tmp/cckKSs8F.s:236    .text:000000bc $t
     /tmp/cckKSs8F.s:241    .text:000000bc CRC_GetIDRegister
     /tmp/cckKSs8F.s:267    .text:000000d0 $d
                     .debug_frame:00000010 $d
                           .group:00000000 wm4.1.809c0ff785d6d6219236c5d51f444c16
                           .group:00000000 wm4.stm32f10x.h.51.b859cb68ed44ee02c916b41cb8c68f1c
                           .group:00000000 wm4.core_cm3.h.25.d35e9a9b04ec4aaebae9bf79fff061f9
                           .group:00000000 wm4.stdint.h.10.90b695f550ca6cc3fb08fa83baf01e05
                           .group:00000000 wm4.core_cm3.h.113.b286929a54d33b4c8909a7132437b244
                           .group:00000000 wm4.stm32f10x.h.522.9a9f642c8c562acb4a63ad5d933b7c01
                           .group:00000000 wm4.stm32f10x_adc.h.83.4d35a50d598070ecea6f33bcef02c922
                           .group:00000000 wm4.stm32f10x_bkp.h.25.4622919f1e30efdad5eb44e12edd5513
                           .group:00000000 wm4.stm32f10x_can.h.25.48aab46fcce6d08400bf960b028e4698
                           .group:00000000 wm4.stm32f10x_cec.h.25.8f03450e7bbb704d96e7bc73ec0f66a7
                           .group:00000000 wm4.stm32f10x_dac.h.25.6e7f2924f39c60c10815105b99b8b446
                           .group:00000000 wm4.stm32f10x_dbgmcu.h.25.d3351200fc7f9c8615d1ae81d40db08a
                           .group:00000000 wm4.stm32f10x_dma.h.25.94e36204daa98cae5dcc70a10a9694d5
                           .group:00000000 wm4.stm32f10x_exti.h.25.b9064155c5c006b5154b39788c79001a
                           .group:00000000 wm4.stm32f10x_flash.h.25.4be61fcb02863962a1e006449d310650
                           .group:00000000 wm4.stm32f10x_fsmc.h.25.bca154da2699cdb6024c0c6c4fc5aa89
                           .group:00000000 wm4.stm32f10x_gpio.h.25.80c981af0e637567395034c576cfb3ce
                           .group:00000000 wm4.stm32f10x_i2c.h.25.7b6cbaea24c6f25f538f8516d1814cb2
                           .group:00000000 wm4.stm32f10x_iwdg.h.25.da9374ab9856795610487f312ccf3122
                           .group:00000000 wm4.stm32f10x_pwr.h.25.37ef75009f751ef5fe27910e0bf00a62
                           .group:00000000 wm4.stm32f10x_rcc.h.25.968bcf08d813e68e57c280a4da69fa5a
                           .group:00000000 wm4.stm32f10x_rtc.h.25.361142606ba98ddcd10369f321f6e636
                           .group:00000000 wm4.stm32f10x_sdio.h.25.1fb5280a7690ef99070096bf8c866b3a
                           .group:00000000 wm4.stm32f10x_spi.h.25.68b3d5ccfcf895f9fe505ce20c0c300f
                           .group:00000000 wm4.stm32f10x_tim.h.25.21c6ec062f1e74898cb96a57da276fec
                           .group:00000000 wm4.stm32f10x_usart.h.25.29629c699b65db3f3efd3561f66b0bf6
                           .group:00000000 wm4.stm32f10x_wwdg.h.25.dde12201d86b5aa9ecaafb5eccdc6549
                           .group:00000000 wm4.misc.h.25.068e106f368fa5369a681ef57c106f4b
                           .group:00000000 wm4.stm32f10x.h.8304.f7d8ad90959e99679b3257267c3aadfe

NO UNDEFINED SYMBOLS
